0 info it worked if it ends with ok
1 verbose cli [ '/usr/bin/nodejs',
1 verbose cli   '/usr/bin/npm',
1 verbose cli   'install',
1 verbose cli   'http-server',
1 verbose cli   '-g' ]
2 info using npm@3.5.2
3 info using node@v4.2.6
4 silly loadCurrentTree Starting
5 silly install loadCurrentTree
6 silly install readGlobalPackageData
7 silly fetchPackageMetaData http-server
8 silly fetchNamedPackageData http-server
9 silly mapToRegistry name http-server
10 silly mapToRegistry using default registry
11 silly mapToRegistry registry https://registry.npmjs.org/
12 silly mapToRegistry uri https://registry.npmjs.org/http-server
13 verbose request uri https://registry.npmjs.org/http-server
14 verbose request no auth needed
15 info attempt registry request try #1 at 11:53:29 PM
16 verbose request id d48c3f9f90c9d7e8
17 verbose etag "5ab269cd-116d2"
18 verbose lastModified Wed, 21 Mar 2018 14:18:53 GMT
19 http request GET https://registry.npmjs.org/http-server
20 http 304 https://registry.npmjs.org/http-server
21 verbose headers { date: 'Wed, 11 Apr 2018 03:53:29 GMT',
21 verbose headers   via: '1.1 varnish',
21 verbose headers   'cache-control': 'max-age=300',
21 verbose headers   etag: '"5ab269cd-116d2"',
21 verbose headers   age: '1373',
21 verbose headers   connection: 'keep-alive',
21 verbose headers   'x-served-by': 'cache-yyz8332-YYZ',
21 verbose headers   'x-cache': 'HIT',
21 verbose headers   'x-cache-hits': '1',
21 verbose headers   'x-timer': 'S1523418810.639527,VS0,VE1',
21 verbose headers   vary: 'Accept-Encoding, Accept' }
22 silly get cb [ 304,
22 silly get   { date: 'Wed, 11 Apr 2018 03:53:29 GMT',
22 silly get     via: '1.1 varnish',
22 silly get     'cache-control': 'max-age=300',
22 silly get     etag: '"5ab269cd-116d2"',
22 silly get     age: '1373',
22 silly get     connection: 'keep-alive',
22 silly get     'x-served-by': 'cache-yyz8332-YYZ',
22 silly get     'x-cache': 'HIT',
22 silly get     'x-cache-hits': '1',
22 silly get     'x-timer': 'S1523418810.639527,VS0,VE1',
22 silly get     vary: 'Accept-Encoding, Accept' } ]
23 verbose etag https://registry.npmjs.org/http-server from cache
24 verbose get saving http-server to /home/faizan/.npm/registry.npmjs.org/http-server/.cache.json
25 silly install normalizeTree
26 silly loadCurrentTree Finishing
27 silly loadIdealTree Starting
28 silly install loadIdealTree
29 silly cloneCurrentTree Starting
30 silly install cloneCurrentTreeToIdealTree
31 silly cloneCurrentTree Finishing
32 silly loadShrinkwrap Starting
33 silly install loadShrinkwrap
34 silly loadShrinkwrap Finishing
35 silly loadAllDepsIntoIdealTree Starting
36 silly install loadAllDepsIntoIdealTree
37 silly resolveWithNewModule http-server@0.11.1 checking installable status
38 silly cache add args [ 'http-server', null ]
39 verbose cache add spec http-server
40 silly cache add parsed spec Result {
40 silly cache add   raw: 'http-server',
40 silly cache add   scope: null,
40 silly cache add   name: 'http-server',
40 silly cache add   rawSpec: '',
40 silly cache add   spec: 'latest',
40 silly cache add   type: 'tag' }
41 silly addNamed http-server@latest
42 verbose addNamed "latest" is being treated as a dist-tag for http-server
43 info addNameTag [ 'http-server', 'latest' ]
44 silly mapToRegistry name http-server
45 silly mapToRegistry using default registry
46 silly mapToRegistry registry https://registry.npmjs.org/
47 silly mapToRegistry uri https://registry.npmjs.org/http-server
48 verbose addNameTag registry:https://registry.npmjs.org/http-server not in flight; fetching
49 verbose get https://registry.npmjs.org/http-server not expired, no request
50 silly addNameTag next cb for http-server with tag latest
51 silly addNamed http-server@0.11.1
52 verbose addNamed "0.11.1" is a plain semver version for http-server
53 silly cache afterAdd http-server@0.11.1
54 verbose afterAdd /home/faizan/.npm/http-server/0.11.1/package/package.json not in flight; writing
55 verbose afterAdd /home/faizan/.npm/http-server/0.11.1/package/package.json written
56 silly fetchNamedPackageData colors
57 silly mapToRegistry name colors
58 silly mapToRegistry using default registry
59 silly mapToRegistry registry https://registry.npmjs.org/
60 silly mapToRegistry uri https://registry.npmjs.org/colors
61 silly fetchNamedPackageData corser
62 silly mapToRegistry name corser
63 silly mapToRegistry using default registry
64 silly mapToRegistry registry https://registry.npmjs.org/
65 silly mapToRegistry uri https://registry.npmjs.org/corser
66 silly fetchNamedPackageData ecstatic
67 silly mapToRegistry name ecstatic
68 silly mapToRegistry using default registry
69 silly mapToRegistry registry https://registry.npmjs.org/
70 silly mapToRegistry uri https://registry.npmjs.org/ecstatic
71 silly fetchNamedPackageData http-proxy
72 silly mapToRegistry name http-proxy
73 silly mapToRegistry using default registry
74 silly mapToRegistry registry https://registry.npmjs.org/
75 silly mapToRegistry uri https://registry.npmjs.org/http-proxy
76 silly fetchNamedPackageData opener
77 silly mapToRegistry name opener
78 silly mapToRegistry using default registry
79 silly mapToRegistry registry https://registry.npmjs.org/
80 silly mapToRegistry uri https://registry.npmjs.org/opener
81 silly fetchNamedPackageData optimist
82 silly mapToRegistry name optimist
83 silly mapToRegistry using default registry
84 silly mapToRegistry registry https://registry.npmjs.org/
85 silly mapToRegistry uri https://registry.npmjs.org/optimist
86 silly fetchNamedPackageData portfinder
87 silly mapToRegistry name portfinder
88 silly mapToRegistry using default registry
89 silly mapToRegistry registry https://registry.npmjs.org/
90 silly mapToRegistry uri https://registry.npmjs.org/portfinder
91 silly fetchNamedPackageData union
92 silly mapToRegistry name union
93 silly mapToRegistry using default registry
94 silly mapToRegistry registry https://registry.npmjs.org/
95 silly mapToRegistry uri https://registry.npmjs.org/union
96 verbose request uri https://registry.npmjs.org/colors
97 verbose request no auth needed
98 info attempt registry request try #1 at 11:53:29 PM
99 verbose etag "5ab1cf8c-7fe2"
100 verbose lastModified Wed, 21 Mar 2018 3:20:44 GMT
101 http request GET https://registry.npmjs.org/colors
102 verbose request uri https://registry.npmjs.org/corser
103 verbose request no auth needed
104 info attempt registry request try #1 at 11:53:29 PM
105 verbose etag "57b362b2-4c27"
106 verbose lastModified Tue, 16 Aug 2016 19:00:02 GMT
107 http request GET https://registry.npmjs.org/corser
108 verbose request uri https://registry.npmjs.org/ecstatic
109 verbose request no auth needed
110 info attempt registry request try #1 at 11:53:29 PM
111 verbose etag "5aa522f0-178fd"
112 verbose lastModified Sun, 11 Mar 2018 12:37:04 GMT
113 http request GET https://registry.npmjs.org/ecstatic
114 verbose request uri https://registry.npmjs.org/portfinder
115 verbose request no auth needed
116 info attempt registry request try #1 at 11:53:29 PM
117 verbose etag "5a92b08d-7041"
118 verbose lastModified Sun, 25 Feb 2018 12:48:13 GMT
119 http request GET https://registry.npmjs.org/portfinder
120 verbose request uri https://registry.npmjs.org/http-proxy
121 verbose request no auth needed
122 info attempt registry request try #1 at 11:53:29 PM
123 verbose etag "5ab1d208-24048"
124 verbose lastModified Wed, 21 Mar 2018 3:31:20 GMT
125 http request GET https://registry.npmjs.org/http-proxy
126 verbose request uri https://registry.npmjs.org/opener
127 verbose request no auth needed
128 info attempt registry request try #1 at 11:53:29 PM
129 verbose etag "5a9d9cd4-2cc5"
130 verbose lastModified Mon, 5 Mar 2018 19:39:00 GMT
131 http request GET https://registry.npmjs.org/opener
132 verbose request uri https://registry.npmjs.org/union
133 verbose request no auth needed
134 info attempt registry request try #1 at 11:53:29 PM
135 verbose etag "59740f39-946a"
136 verbose lastModified Sun, 23 Jul 2017 2:51:37 GMT
137 http request GET https://registry.npmjs.org/union
138 verbose request uri https://registry.npmjs.org/optimist
139 verbose request no auth needed
140 info attempt registry request try #1 at 11:53:29 PM
141 verbose etag "5ab1cf5f-b8ba"
142 verbose lastModified Wed, 21 Mar 2018 3:19:59 GMT
143 http request GET https://registry.npmjs.org/optimist
144 http 304 https://registry.npmjs.org/colors
145 verbose headers { date: 'Wed, 11 Apr 2018 03:53:29 GMT',
145 verbose headers   via: '1.1 varnish',
145 verbose headers   'cache-control': 'max-age=300',
145 verbose headers   etag: '"5ab1cf8c-7fe2"',
145 verbose headers   age: '10664',
145 verbose headers   connection: 'keep-alive',
145 verbose headers   'x-served-by': 'cache-yyz8322-YYZ',
145 verbose headers   'x-cache': 'HIT',
145 verbose headers   'x-cache-hits': '1',
145 verbose headers   'x-timer': 'S1523418810.925260,VS0,VE0',
145 verbose headers   vary: 'Accept-Encoding, Accept' }
146 silly get cb [ 304,
146 silly get   { date: 'Wed, 11 Apr 2018 03:53:29 GMT',
146 silly get     via: '1.1 varnish',
146 silly get     'cache-control': 'max-age=300',
146 silly get     etag: '"5ab1cf8c-7fe2"',
146 silly get     age: '10664',
146 silly get     connection: 'keep-alive',
146 silly get     'x-served-by': 'cache-yyz8322-YYZ',
146 silly get     'x-cache': 'HIT',
146 silly get     'x-cache-hits': '1',
146 silly get     'x-timer': 'S1523418810.925260,VS0,VE0',
146 silly get     vary: 'Accept-Encoding, Accept' } ]
147 verbose etag https://registry.npmjs.org/colors from cache
148 verbose get saving colors to /home/faizan/.npm/registry.npmjs.org/colors/.cache.json
149 http 304 https://registry.npmjs.org/ecstatic
150 verbose headers { date: 'Wed, 11 Apr 2018 03:53:29 GMT',
150 verbose headers   via: '1.1 varnish',
150 verbose headers   'cache-control': 'max-age=300',
150 verbose headers   etag: '"5aa522f0-178fd"',
150 verbose headers   age: '7409',
150 verbose headers   connection: 'keep-alive',
150 verbose headers   'x-served-by': 'cache-yyz8325-YYZ',
150 verbose headers   'x-cache': 'HIT',
150 verbose headers   'x-cache-hits': '1',
150 verbose headers   'x-timer': 'S1523418810.927817,VS0,VE0',
150 verbose headers   vary: 'Accept-Encoding, Accept' }
151 silly get cb [ 304,
151 silly get   { date: 'Wed, 11 Apr 2018 03:53:29 GMT',
151 silly get     via: '1.1 varnish',
151 silly get     'cache-control': 'max-age=300',
151 silly get     etag: '"5aa522f0-178fd"',
151 silly get     age: '7409',
151 silly get     connection: 'keep-alive',
151 silly get     'x-served-by': 'cache-yyz8325-YYZ',
151 silly get     'x-cache': 'HIT',
151 silly get     'x-cache-hits': '1',
151 silly get     'x-timer': 'S1523418810.927817,VS0,VE0',
151 silly get     vary: 'Accept-Encoding, Accept' } ]
152 verbose etag https://registry.npmjs.org/ecstatic from cache
153 verbose get saving ecstatic to /home/faizan/.npm/registry.npmjs.org/ecstatic/.cache.json
154 http 304 https://registry.npmjs.org/portfinder
155 verbose headers { date: 'Wed, 11 Apr 2018 03:53:29 GMT',
155 verbose headers   via: '1.1 varnish',
155 verbose headers   'cache-control': 'max-age=300',
155 verbose headers   etag: '"5a92b08d-7041"',
155 verbose headers   age: '3826',
155 verbose headers   connection: 'keep-alive',
155 verbose headers   'x-served-by': 'cache-yyz8328-YYZ',
155 verbose headers   'x-cache': 'HIT',
155 verbose headers   'x-cache-hits': '3',
155 verbose headers   'x-timer': 'S1523418810.928334,VS0,VE0',
155 verbose headers   vary: 'Accept-Encoding, Accept' }
156 silly get cb [ 304,
156 silly get   { date: 'Wed, 11 Apr 2018 03:53:29 GMT',
156 silly get     via: '1.1 varnish',
156 silly get     'cache-control': 'max-age=300',
156 silly get     etag: '"5a92b08d-7041"',
156 silly get     age: '3826',
156 silly get     connection: 'keep-alive',
156 silly get     'x-served-by': 'cache-yyz8328-YYZ',
156 silly get     'x-cache': 'HIT',
156 silly get     'x-cache-hits': '3',
156 silly get     'x-timer': 'S1523418810.928334,VS0,VE0',
156 silly get     vary: 'Accept-Encoding, Accept' } ]
157 verbose etag https://registry.npmjs.org/portfinder from cache
158 verbose get saving portfinder to /home/faizan/.npm/registry.npmjs.org/portfinder/.cache.json
159 http 304 https://registry.npmjs.org/http-proxy
160 verbose headers { date: 'Wed, 11 Apr 2018 03:53:29 GMT',
160 verbose headers   via: '1.1 varnish',
160 verbose headers   'cache-control': 'max-age=300',
160 verbose headers   etag: '"5ab1d208-24048"',
160 verbose headers   age: '5317',
160 verbose headers   connection: 'keep-alive',
160 verbose headers   'x-served-by': 'cache-yyz8325-YYZ',
160 verbose headers   'x-cache': 'HIT',
160 verbose headers   'x-cache-hits': '2',
160 verbose headers   'x-timer': 'S1523418810.930585,VS0,VE0',
160 verbose headers   vary: 'Accept-Encoding, Accept' }
161 silly get cb [ 304,
161 silly get   { date: 'Wed, 11 Apr 2018 03:53:29 GMT',
161 silly get     via: '1.1 varnish',
161 silly get     'cache-control': 'max-age=300',
161 silly get     etag: '"5ab1d208-24048"',
161 silly get     age: '5317',
161 silly get     connection: 'keep-alive',
161 silly get     'x-served-by': 'cache-yyz8325-YYZ',
161 silly get     'x-cache': 'HIT',
161 silly get     'x-cache-hits': '2',
161 silly get     'x-timer': 'S1523418810.930585,VS0,VE0',
161 silly get     vary: 'Accept-Encoding, Accept' } ]
162 verbose etag https://registry.npmjs.org/http-proxy from cache
163 verbose get saving http-proxy to /home/faizan/.npm/registry.npmjs.org/http-proxy/.cache.json
164 http 304 https://registry.npmjs.org/opener
165 verbose headers { date: 'Wed, 11 Apr 2018 03:53:29 GMT',
165 verbose headers   via: '1.1 varnish',
165 verbose headers   'cache-control': 'max-age=300',
165 verbose headers   etag: '"5a9d9cd4-2cc5"',
165 verbose headers   age: '3847',
165 verbose headers   connection: 'keep-alive',
165 verbose headers   'x-served-by': 'cache-yyz8322-YYZ',
165 verbose headers   'x-cache': 'HIT',
165 verbose headers   'x-cache-hits': '1',
165 verbose headers   'x-timer': 'S1523418810.931346,VS0,VE0',
165 verbose headers   vary: 'Accept-Encoding, Accept' }
166 silly get cb [ 304,
166 silly get   { date: 'Wed, 11 Apr 2018 03:53:29 GMT',
166 silly get     via: '1.1 varnish',
166 silly get     'cache-control': 'max-age=300',
166 silly get     etag: '"5a9d9cd4-2cc5"',
166 silly get     age: '3847',
166 silly get     connection: 'keep-alive',
166 silly get     'x-served-by': 'cache-yyz8322-YYZ',
166 silly get     'x-cache': 'HIT',
166 silly get     'x-cache-hits': '1',
166 silly get     'x-timer': 'S1523418810.931346,VS0,VE0',
166 silly get     vary: 'Accept-Encoding, Accept' } ]
167 verbose etag https://registry.npmjs.org/opener from cache
168 verbose get saving opener to /home/faizan/.npm/registry.npmjs.org/opener/.cache.json
169 http 304 https://registry.npmjs.org/optimist
170 verbose headers { date: 'Wed, 11 Apr 2018 03:53:29 GMT',
170 verbose headers   via: '1.1 varnish',
170 verbose headers   'cache-control': 'max-age=300',
170 verbose headers   etag: '"5ab1cf5f-b8ba"',
170 verbose headers   age: '12229',
170 verbose headers   connection: 'keep-alive',
170 verbose headers   'x-served-by': 'cache-yyz8325-YYZ',
170 verbose headers   'x-cache': 'HIT',
170 verbose headers   'x-cache-hits': '1',
170 verbose headers   'x-timer': 'S1523418810.934419,VS0,VE0',
170 verbose headers   vary: 'Accept-Encoding, Accept' }
171 silly get cb [ 304,
171 silly get   { date: 'Wed, 11 Apr 2018 03:53:29 GMT',
171 silly get     via: '1.1 varnish',
171 silly get     'cache-control': 'max-age=300',
171 silly get     etag: '"5ab1cf5f-b8ba"',
171 silly get     age: '12229',
171 silly get     connection: 'keep-alive',
171 silly get     'x-served-by': 'cache-yyz8325-YYZ',
171 silly get     'x-cache': 'HIT',
171 silly get     'x-cache-hits': '1',
171 silly get     'x-timer': 'S1523418810.934419,VS0,VE0',
171 silly get     vary: 'Accept-Encoding, Accept' } ]
172 verbose etag https://registry.npmjs.org/optimist from cache
173 verbose get saving optimist to /home/faizan/.npm/registry.npmjs.org/optimist/.cache.json
174 silly resolveWithNewModule colors@1.0.3 checking installable status
175 silly cache add args [ 'colors@1.0.3', null ]
176 verbose cache add spec colors@1.0.3
177 silly cache add parsed spec Result {
177 silly cache add   raw: 'colors@1.0.3',
177 silly cache add   scope: null,
177 silly cache add   name: 'colors',
177 silly cache add   rawSpec: '1.0.3',
177 silly cache add   spec: '1.0.3',
177 silly cache add   type: 'version' }
178 silly addNamed colors@1.0.3
179 verbose addNamed "1.0.3" is a plain semver version for colors
180 silly mapToRegistry name colors
181 silly mapToRegistry using default registry
182 silly mapToRegistry registry https://registry.npmjs.org/
183 silly mapToRegistry uri https://registry.npmjs.org/colors
184 verbose addNameVersion registry:https://registry.npmjs.org/colors not in flight; fetching
185 silly resolveWithNewModule ecstatic@3.2.0 checking installable status
186 silly cache add args [ 'ecstatic@^3.0.0', null ]
187 verbose cache add spec ecstatic@^3.0.0
188 silly cache add parsed spec Result {
188 silly cache add   raw: 'ecstatic@^3.0.0',
188 silly cache add   scope: null,
188 silly cache add   name: 'ecstatic',
188 silly cache add   rawSpec: '^3.0.0',
188 silly cache add   spec: '>=3.0.0 <4.0.0',
188 silly cache add   type: 'range' }
189 silly addNamed ecstatic@>=3.0.0 <4.0.0
190 verbose addNamed ">=3.0.0 <4.0.0" is a valid semver range for ecstatic
191 silly addNameRange { name: 'ecstatic', range: '>=3.0.0 <4.0.0', hasData: false }
192 silly mapToRegistry name ecstatic
193 silly mapToRegistry using default registry
194 silly mapToRegistry registry https://registry.npmjs.org/
195 silly mapToRegistry uri https://registry.npmjs.org/ecstatic
196 verbose addNameRange registry:https://registry.npmjs.org/ecstatic not in flight; fetching
197 silly resolveWithNewModule portfinder@1.0.13 checking installable status
198 silly cache add args [ 'portfinder@^1.0.13', null ]
199 verbose cache add spec portfinder@^1.0.13
200 silly cache add parsed spec Result {
200 silly cache add   raw: 'portfinder@^1.0.13',
200 silly cache add   scope: null,
200 silly cache add   name: 'portfinder',
200 silly cache add   rawSpec: '^1.0.13',
200 silly cache add   spec: '>=1.0.13 <2.0.0',
200 silly cache add   type: 'range' }
201 silly addNamed portfinder@>=1.0.13 <2.0.0
202 verbose addNamed ">=1.0.13 <2.0.0" is a valid semver range for portfinder
203 silly addNameRange { name: 'portfinder', range: '>=1.0.13 <2.0.0', hasData: false }
204 silly mapToRegistry name portfinder
205 silly mapToRegistry using default registry
206 silly mapToRegistry registry https://registry.npmjs.org/
207 silly mapToRegistry uri https://registry.npmjs.org/portfinder
208 verbose addNameRange registry:https://registry.npmjs.org/portfinder not in flight; fetching
209 verbose get https://registry.npmjs.org/colors not expired, no request
210 silly resolveWithNewModule opener@1.4.3 checking installable status
211 silly cache add args [ 'opener@~1.4.0', null ]
212 verbose cache add spec opener@~1.4.0
213 silly cache add parsed spec Result {
213 silly cache add   raw: 'opener@~1.4.0',
213 silly cache add   scope: null,
213 silly cache add   name: 'opener',
213 silly cache add   rawSpec: '~1.4.0',
213 silly cache add   spec: '>=1.4.0 <1.5.0',
213 silly cache add   type: 'range' }
214 silly addNamed opener@>=1.4.0 <1.5.0
215 verbose addNamed ">=1.4.0 <1.5.0" is a valid semver range for opener
216 silly addNameRange { name: 'opener', range: '>=1.4.0 <1.5.0', hasData: false }
217 silly mapToRegistry name opener
218 silly mapToRegistry using default registry
219 silly mapToRegistry registry https://registry.npmjs.org/
220 silly mapToRegistry uri https://registry.npmjs.org/opener
221 verbose addNameRange registry:https://registry.npmjs.org/opener not in flight; fetching
222 silly resolveWithNewModule http-proxy@1.16.2 checking installable status
223 silly cache add args [ 'http-proxy@^1.8.1', null ]
224 verbose cache add spec http-proxy@^1.8.1
225 silly cache add parsed spec Result {
225 silly cache add   raw: 'http-proxy@^1.8.1',
225 silly cache add   scope: null,
225 silly cache add   name: 'http-proxy',
225 silly cache add   rawSpec: '^1.8.1',
225 silly cache add   spec: '>=1.8.1 <2.0.0',
225 silly cache add   type: 'range' }
226 silly addNamed http-proxy@>=1.8.1 <2.0.0
227 verbose addNamed ">=1.8.1 <2.0.0" is a valid semver range for http-proxy
228 silly addNameRange { name: 'http-proxy', range: '>=1.8.1 <2.0.0', hasData: false }
229 silly mapToRegistry name http-proxy
230 silly mapToRegistry using default registry
231 silly mapToRegistry registry https://registry.npmjs.org/
232 silly mapToRegistry uri https://registry.npmjs.org/http-proxy
233 verbose addNameRange registry:https://registry.npmjs.org/http-proxy not in flight; fetching
234 silly resolveWithNewModule optimist@0.6.1 checking installable status
235 silly cache add args [ 'optimist@0.6.x', null ]
236 verbose cache add spec optimist@0.6.x
237 silly cache add parsed spec Result {
237 silly cache add   raw: 'optimist@0.6.x',
237 silly cache add   scope: null,
237 silly cache add   name: 'optimist',
237 silly cache add   rawSpec: '0.6.x',
237 silly cache add   spec: '>=0.6.0 <0.7.0',
237 silly cache add   type: 'range' }
238 silly addNamed optimist@>=0.6.0 <0.7.0
239 verbose addNamed ">=0.6.0 <0.7.0" is a valid semver range for optimist
240 silly addNameRange { name: 'optimist', range: '>=0.6.0 <0.7.0', hasData: false }
241 silly mapToRegistry name optimist
242 silly mapToRegistry using default registry
243 silly mapToRegistry registry https://registry.npmjs.org/
244 silly mapToRegistry uri https://registry.npmjs.org/optimist
245 verbose addNameRange registry:https://registry.npmjs.org/optimist not in flight; fetching
246 verbose get https://registry.npmjs.org/ecstatic not expired, no request
247 silly addNameRange number 2 { name: 'ecstatic', range: '>=3.0.0 <4.0.0', hasData: true }
248 silly addNameRange versions [ 'ecstatic',
248 silly addNameRange   [ '0.0.0',
248 silly addNameRange     '0.0.1',
248 silly addNameRange     '0.1.0',
248 silly addNameRange     '0.1.1',
248 silly addNameRange     '0.1.1-1',
248 silly addNameRange     '0.1.2',
248 silly addNameRange     '0.1.2-1',
248 silly addNameRange     '0.1.4',
248 silly addNameRange     '0.1.5',
248 silly addNameRange     '0.1.6',
248 silly addNameRange     '0.1.7',
248 silly addNameRange     '0.3.0',
248 silly addNameRange     '0.3.1',
248 silly addNameRange     '0.3.2',
248 silly addNameRange     '0.4.0',
248 silly addNameRange     '0.4.1',
248 silly addNameRange     '0.4.2',
248 silly addNameRange     '0.4.3',
248 silly addNameRange     '0.4.4',
248 silly addNameRange     '0.4.5',
248 silly addNameRange     '0.4.6',
248 silly addNameRange     '0.4.7',
248 silly addNameRange     '0.4.8',
248 silly addNameRange     '0.4.9',
248 silly addNameRange     '0.4.10',
248 silly addNameRange     '0.4.11',
248 silly addNameRange     '0.4.12',
248 silly addNameRange     '0.4.13',
248 silly addNameRange     '0.5.0',
248 silly addNameRange     '0.5.1',
248 silly addNameRange     '0.5.2',
248 silly addNameRange     '0.5.3',
248 silly addNameRange     '0.5.4',
248 silly addNameRange     '0.5.5',
248 silly addNameRange     '0.5.6',
248 silly addNameRange     '0.5.7',
248 silly addNameRange     '0.5.8',
248 silly addNameRange     '0.6.0',
248 silly addNameRange     '0.6.1',
248 silly addNameRange     '0.7.0',
248 silly addNameRange     '0.7.1',
248 silly addNameRange     '0.7.2',
248 silly addNameRange     '0.7.3',
248 silly addNameRange     '0.7.4',
248 silly addNameRange     '0.7.5',
248 silly addNameRange     '0.7.6',
248 silly addNameRange     '0.8.0',
248 silly addNameRange     '1.0.0',
248 silly addNameRange     '1.0.1',
248 silly addNameRange     '1.1.0',
248 silly addNameRange     '1.1.1',
248 silly addNameRange     '1.1.2',
248 silly addNameRange     '1.1.3',
248 silly addNameRange     '1.2.0',
248 silly addNameRange     '1.3.0',
248 silly addNameRange     '1.3.1',
248 silly addNameRange     '1.4.0',
248 silly addNameRange     '1.4.1',
248 silly addNameRange     '2.0.0',
248 silly addNameRange     '2.1.0',
248 silly addNameRange     '2.2.0',
248 silly addNameRange     '2.2.1',
248 silly addNameRange     '3.0.0',
248 silly addNameRange     '3.1.0',
248 silly addNameRange     '3.1.1',
248 silly addNameRange     '3.2.0' ] ]
249 silly addNamed ecstatic@3.2.0
250 verbose addNamed "3.2.0" is a plain semver version for ecstatic
251 verbose get https://registry.npmjs.org/portfinder not expired, no request
252 silly addNameRange number 2 { name: 'portfinder', range: '>=1.0.13 <2.0.0', hasData: true }
253 silly addNameRange versions [ 'portfinder',
253 silly addNameRange   [ '0.1.0',
253 silly addNameRange     '0.2.0',
253 silly addNameRange     '0.2.1',
253 silly addNameRange     '0.3.0',
253 silly addNameRange     '0.4.0',
253 silly addNameRange     '1.0.0',
253 silly addNameRange     '1.0.1',
253 silly addNameRange     '1.0.2',
253 silly addNameRange     '1.0.3',
253 silly addNameRange     '1.0.4',
253 silly addNameRange     '1.0.5',
253 silly addNameRange     '1.0.6',
253 silly addNameRange     '1.0.7-beta.0',
253 silly addNameRange     '1.0.7',
253 silly addNameRange     '1.0.8',
253 silly addNameRange     '1.0.9',
253 silly addNameRange     '1.0.10',
253 silly addNameRange     '1.0.11',
253 silly addNameRange     '1.0.12',
253 silly addNameRange     '1.0.13' ] ]
254 silly addNamed portfinder@1.0.13
255 verbose addNamed "1.0.13" is a plain semver version for portfinder
256 verbose get https://registry.npmjs.org/opener not expired, no request
257 silly addNameRange number 2 { name: 'opener', range: '>=1.4.0 <1.5.0', hasData: true }
258 silly addNameRange versions [ 'opener',
258 silly addNameRange   [ '1.0.0',
258 silly addNameRange     '1.0.1',
258 silly addNameRange     '1.1.0',
258 silly addNameRange     '1.2.0',
258 silly addNameRange     '1.3.0',
258 silly addNameRange     '1.4.0',
258 silly addNameRange     '1.4.1',
258 silly addNameRange     '1.4.2',
258 silly addNameRange     '1.4.3' ] ]
259 silly addNamed opener@1.4.3
260 verbose addNamed "1.4.3" is a plain semver version for opener
261 verbose get https://registry.npmjs.org/http-proxy not expired, no request
262 silly addNameRange number 2 { name: 'http-proxy', range: '>=1.8.1 <2.0.0', hasData: true }
263 silly addNameRange versions [ 'http-proxy',
263 silly addNameRange   [ '0.5.9',
263 silly addNameRange     '0.5.10',
263 silly addNameRange     '0.5.11',
263 silly addNameRange     '0.6.0',
263 silly addNameRange     '0.6.1',
263 silly addNameRange     '0.6.2',
263 silly addNameRange     '0.6.4',
263 silly addNameRange     '0.6.5',
263 silly addNameRange     '0.6.6',
263 silly addNameRange     '0.7.0',
263 silly addNameRange     '0.7.2',
263 silly addNameRange     '0.7.3',
263 silly addNameRange     '0.7.4',
263 silly addNameRange     '0.7.5',
263 silly addNameRange     '0.7.6',
263 silly addNameRange     '0.8.0',
263 silly addNameRange     '0.8.1',
263 silly addNameRange     '0.8.2',
263 silly addNameRange     '0.8.3',
263 silly addNameRange     '0.8.4',
263 silly addNameRange     '0.8.5',
263 silly addNameRange     '0.8.6',
263 silly addNameRange     '0.8.7',
263 silly addNameRange     '0.9.0',
263 silly addNameRange     '0.9.1',
263 silly addNameRange     '0.10.0',
263 silly addNameRange     '0.10.1',
263 silly addNameRange     '0.10.2',
263 silly addNameRange     '0.10.3',
263 silly addNameRange     '0.10.4',
263 silly addNameRange     '1.0.0',
263 silly addNameRange     '1.0.1',
263 silly addNameRange     '1.0.2',
263 silly addNameRange     '1.0.3',
263 silly addNameRange     '1.1.0',
263 silly addNameRange     '1.1.1',
263 silly addNameRange     '1.1.2',
263 silly addNameRange     '1.1.3',
263 silly addNameRange     '1.1.4',
263 silly addNameRange     '1.1.5',
263 silly addNameRange     '1.1.6',
263 silly addNameRange     '1.2.0',
263 silly addNameRange     '1.2.1',
263 silly addNameRange     '1.3.0',
263 silly addNameRange     '1.4.0',
263 silly addNameRange     '1.4.1',
263 silly addNameRange     '1.4.2',
263 silly addNameRange     '1.4.3',
263 silly addNameRange     '1.5.0',
263 silly addNameRange     '1.5.1',
263 silly addNameRange     '1.5.2',
263 silly addNameRange     '1.5.3',
263 silly addNameRange     '1.6.0',
263 silly addNameRange     '1.6.1',
263 silly addNameRange     '1.6.2',
263 silly addNameRange     '1.7.0',
263 silly addNameRange     '1.7.1',
263 silly addNameRange     '1.7.2',
263 silly addNameRange     '1.7.3',
263 silly addNameRange     '1.8.0',
263 silly addNameRange     '1.8.1',
263 silly addNameRange     '1.9.0',
263 silly addNameRange     '1.9.1',
263 silly addNameRange     '1.10.0',
263 silly addNameRange     '1.10.1',
263 silly addNameRange     '1.11.0',
263 silly addNameRange     '1.11.1',
263 silly addNameRange     '1.11.2',
263 silly addNameRange     '1.11.3',
263 silly addNameRange     '1.12.0',
263 silly addNameRange     '1.12.1',
263 silly addNameRange     '1.13.0',
263 silly addNameRange     '1.13.1',
263 silly addNameRange     '1.13.2',
263 silly addNameRange     '1.13.3',
263 silly addNameRange     '1.14.0',
263 silly addNameRange     '1.15.0',
263 silly addNameRange     '1.15.1',
263 silly addNameRange     '1.15.2',
263 silly addNameRange     '1.16.0',
263 silly addNameRange     '1.16.1',
263 silly addNameRange     '1.16.2' ] ]
264 silly addNamed http-proxy@1.16.2
265 verbose addNamed "1.16.2" is a plain semver version for http-proxy
266 verbose get https://registry.npmjs.org/optimist not expired, no request
267 silly addNameRange number 2 { name: 'optimist', range: '>=0.6.0 <0.7.0', hasData: true }
268 silly addNameRange versions [ 'optimist',
268 silly addNameRange   [ '0.0.1',
268 silly addNameRange     '0.0.2',
268 silly addNameRange     '0.0.4',
268 silly addNameRange     '0.0.5',
268 silly addNameRange     '0.0.6',
268 silly addNameRange     '0.0.7',
268 silly addNameRange     '0.1.0',
268 silly addNameRange     '0.1.1',
268 silly addNameRange     '0.1.2',
268 silly addNameRange     '0.1.3',
268 silly addNameRange     '0.1.4',
268 silly addNameRange     '0.1.5',
268 silly addNameRange     '0.1.6',
268 silly addNameRange     '0.1.7',
268 silly addNameRange     '0.1.8',
268 silly addNameRange     '0.1.9',
268 silly addNameRange     '0.0.3',
268 silly addNameRange     '0.2.0',
268 silly addNameRange     '0.2.1',
268 silly addNameRange     '0.2.2',
268 silly addNameRange     '0.2.3',
268 silly addNameRange     '0.2.4',
268 silly addNameRange     '0.2.5',
268 silly addNameRange     '0.2.6',
268 silly addNameRange     '0.2.7',
268 silly addNameRange     '0.2.8',
268 silly addNameRange     '0.3.0',
268 silly addNameRange     '0.3.1',
268 silly addNameRange     '0.3.3',
268 silly addNameRange     '0.3.4',
268 silly addNameRange     '0.3.5',
268 silly addNameRange     '0.3.6',
268 silly addNameRange     '0.3.7',
268 silly addNameRange     '0.4.0',
268 silly addNameRange     '0.5.0',
268 silly addNameRange     '0.5.1',
268 silly addNameRange     '0.5.2',
268 silly addNameRange     '0.6.0',
268 silly addNameRange     '0.6.1' ] ]
269 silly addNamed optimist@0.6.1
270 verbose addNamed "0.6.1" is a plain semver version for optimist
271 silly cache afterAdd colors@1.0.3
272 verbose afterAdd /home/faizan/.npm/colors/1.0.3/package/package.json not in flight; writing
273 silly cache afterAdd portfinder@1.0.13
274 verbose afterAdd /home/faizan/.npm/portfinder/1.0.13/package/package.json not in flight; writing
275 silly cache afterAdd http-proxy@1.16.2
276 verbose afterAdd /home/faizan/.npm/http-proxy/1.16.2/package/package.json not in flight; writing
277 verbose afterAdd /home/faizan/.npm/colors/1.0.3/package/package.json written
278 silly cache afterAdd optimist@0.6.1
279 verbose afterAdd /home/faizan/.npm/optimist/0.6.1/package/package.json not in flight; writing
280 verbose afterAdd /home/faizan/.npm/portfinder/1.0.13/package/package.json written
281 silly cache afterAdd opener@1.4.3
282 verbose afterAdd /home/faizan/.npm/opener/1.4.3/package/package.json not in flight; writing
283 verbose afterAdd /home/faizan/.npm/http-proxy/1.16.2/package/package.json written
284 verbose afterAdd /home/faizan/.npm/optimist/0.6.1/package/package.json written
285 verbose afterAdd /home/faizan/.npm/opener/1.4.3/package/package.json written
286 silly cache afterAdd ecstatic@3.2.0
287 verbose afterAdd /home/faizan/.npm/ecstatic/3.2.0/package/package.json not in flight; writing
288 verbose afterAdd /home/faizan/.npm/ecstatic/3.2.0/package/package.json written
289 http 304 https://registry.npmjs.org/union
290 verbose headers { date: 'Wed, 11 Apr 2018 03:53:29 GMT',
290 verbose headers   via: '1.1 varnish',
290 verbose headers   'cache-control': 'max-age=300',
290 verbose headers   etag: '"59740f39-946a"',
290 verbose headers   age: '0',
290 verbose headers   connection: 'keep-alive',
290 verbose headers   'x-served-by': 'cache-yyz8321-YYZ',
290 verbose headers   'x-cache': 'MISS',
290 verbose headers   'x-cache-hits': '0',
290 verbose headers   'x-timer': 'S1523418810.932629,VS0,VE159',
290 verbose headers   vary: 'Accept-Encoding, Accept' }
291 silly get cb [ 304,
291 silly get   { date: 'Wed, 11 Apr 2018 03:53:29 GMT',
291 silly get     via: '1.1 varnish',
291 silly get     'cache-control': 'max-age=300',
291 silly get     etag: '"59740f39-946a"',
291 silly get     age: '0',
291 silly get     connection: 'keep-alive',
291 silly get     'x-served-by': 'cache-yyz8321-YYZ',
291 silly get     'x-cache': 'MISS',
291 silly get     'x-cache-hits': '0',
291 silly get     'x-timer': 'S1523418810.932629,VS0,VE159',
291 silly get     vary: 'Accept-Encoding, Accept' } ]
292 verbose etag https://registry.npmjs.org/union from cache
293 verbose get saving union to /home/faizan/.npm/registry.npmjs.org/union/.cache.json
294 http 304 https://registry.npmjs.org/corser
295 verbose headers { date: 'Wed, 11 Apr 2018 03:53:29 GMT',
295 verbose headers   via: '1.1 varnish',
295 verbose headers   'cache-control': 'max-age=300',
295 verbose headers   etag: '"57b362b2-4c27"',
295 verbose headers   age: '0',
295 verbose headers   connection: 'keep-alive',
295 verbose headers   'x-served-by': 'cache-yyz8322-YYZ',
295 verbose headers   'x-cache': 'MISS',
295 verbose headers   'x-cache-hits': '0',
295 verbose headers   'x-timer': 'S1523418810.925878,VS0,VE196',
295 verbose headers   vary: 'Accept-Encoding, Accept' }
296 silly get cb [ 304,
296 silly get   { date: 'Wed, 11 Apr 2018 03:53:29 GMT',
296 silly get     via: '1.1 varnish',
296 silly get     'cache-control': 'max-age=300',
296 silly get     etag: '"57b362b2-4c27"',
296 silly get     age: '0',
296 silly get     connection: 'keep-alive',
296 silly get     'x-served-by': 'cache-yyz8322-YYZ',
296 silly get     'x-cache': 'MISS',
296 silly get     'x-cache-hits': '0',
296 silly get     'x-timer': 'S1523418810.925878,VS0,VE196',
296 silly get     vary: 'Accept-Encoding, Accept' } ]
297 verbose etag https://registry.npmjs.org/corser from cache
298 verbose get saving corser to /home/faizan/.npm/registry.npmjs.org/corser/.cache.json
299 silly resolveWithNewModule union@0.4.6 checking installable status
300 silly cache add args [ 'union@~0.4.3', null ]
301 verbose cache add spec union@~0.4.3
302 silly cache add parsed spec Result {
302 silly cache add   raw: 'union@~0.4.3',
302 silly cache add   scope: null,
302 silly cache add   name: 'union',
302 silly cache add   rawSpec: '~0.4.3',
302 silly cache add   spec: '>=0.4.3 <0.5.0',
302 silly cache add   type: 'range' }
303 silly addNamed union@>=0.4.3 <0.5.0
304 verbose addNamed ">=0.4.3 <0.5.0" is a valid semver range for union
305 silly addNameRange { name: 'union', range: '>=0.4.3 <0.5.0', hasData: false }
306 silly mapToRegistry name union
307 silly mapToRegistry using default registry
308 silly mapToRegistry registry https://registry.npmjs.org/
309 silly mapToRegistry uri https://registry.npmjs.org/union
310 verbose addNameRange registry:https://registry.npmjs.org/union not in flight; fetching
311 silly resolveWithNewModule corser@2.0.1 checking installable status
312 silly cache add args [ 'corser@~2.0.0', null ]
313 verbose cache add spec corser@~2.0.0
314 silly cache add parsed spec Result {
314 silly cache add   raw: 'corser@~2.0.0',
314 silly cache add   scope: null,
314 silly cache add   name: 'corser',
314 silly cache add   rawSpec: '~2.0.0',
314 silly cache add   spec: '>=2.0.0 <2.1.0',
314 silly cache add   type: 'range' }
315 silly addNamed corser@>=2.0.0 <2.1.0
316 verbose addNamed ">=2.0.0 <2.1.0" is a valid semver range for corser
317 silly addNameRange { name: 'corser', range: '>=2.0.0 <2.1.0', hasData: false }
318 silly mapToRegistry name corser
319 silly mapToRegistry using default registry
320 silly mapToRegistry registry https://registry.npmjs.org/
321 silly mapToRegistry uri https://registry.npmjs.org/corser
322 verbose addNameRange registry:https://registry.npmjs.org/corser not in flight; fetching
323 verbose get https://registry.npmjs.org/union not expired, no request
324 silly addNameRange number 2 { name: 'union', range: '>=0.4.3 <0.5.0', hasData: true }
325 silly addNameRange versions [ 'union',
325 silly addNameRange   [ '0.1.0',
325 silly addNameRange     '0.1.2',
325 silly addNameRange     '0.1.3',
325 silly addNameRange     '0.1.4',
325 silly addNameRange     '0.1.5',
325 silly addNameRange     '0.1.6',
325 silly addNameRange     '0.1.7',
325 silly addNameRange     '0.1.8',
325 silly addNameRange     '0.2.0',
325 silly addNameRange     '0.2.1',
325 silly addNameRange     '0.3.0',
325 silly addNameRange     '0.3.2',
325 silly addNameRange     '0.3.3',
325 silly addNameRange     '0.3.4',
325 silly addNameRange     '0.3.5',
325 silly addNameRange     '0.3.6',
325 silly addNameRange     '0.3.7',
325 silly addNameRange     '0.3.8',
325 silly addNameRange     '0.4.0',
325 silly addNameRange     '0.4.1',
325 silly addNameRange     '0.4.2',
325 silly addNameRange     '0.4.3',
325 silly addNameRange     '0.4.4',
325 silly addNameRange     '0.4.5',
325 silly addNameRange     '0.4.6' ] ]
326 silly addNamed union@0.4.6
327 verbose addNamed "0.4.6" is a plain semver version for union
328 verbose get https://registry.npmjs.org/corser not expired, no request
329 silly addNameRange number 2 { name: 'corser', range: '>=2.0.0 <2.1.0', hasData: true }
330 silly addNameRange versions [ 'corser',
330 silly addNameRange   [ '0.1.0',
330 silly addNameRange     '0.2.0',
330 silly addNameRange     '1.0.0',
330 silly addNameRange     '1.0.1',
330 silly addNameRange     '1.0.2',
330 silly addNameRange     '1.1.0',
330 silly addNameRange     '1.1.1',
330 silly addNameRange     '1.1.2',
330 silly addNameRange     '1.2.0',
330 silly addNameRange     '2.0.0',
330 silly addNameRange     '2.0.1' ] ]
331 silly addNamed corser@2.0.1
332 verbose addNamed "2.0.1" is a plain semver version for corser
333 silly cache afterAdd union@0.4.6
334 verbose afterAdd /home/faizan/.npm/union/0.4.6/package/package.json not in flight; writing
335 silly cache afterAdd corser@2.0.1
336 verbose afterAdd /home/faizan/.npm/corser/2.0.1/package/package.json not in flight; writing
337 verbose afterAdd /home/faizan/.npm/corser/2.0.1/package/package.json written
338 verbose afterAdd /home/faizan/.npm/union/0.4.6/package/package.json written
339 silly fetchNamedPackageData he
340 silly mapToRegistry name he
341 silly mapToRegistry using default registry
342 silly mapToRegistry registry https://registry.npmjs.org/
343 silly mapToRegistry uri https://registry.npmjs.org/he
344 silly fetchNamedPackageData mime
345 silly mapToRegistry name mime
346 silly mapToRegistry using default registry
347 silly mapToRegistry registry https://registry.npmjs.org/
348 silly mapToRegistry uri https://registry.npmjs.org/mime
349 silly fetchNamedPackageData minimist
350 silly mapToRegistry name minimist
351 silly mapToRegistry using default registry
352 silly mapToRegistry registry https://registry.npmjs.org/
353 silly mapToRegistry uri https://registry.npmjs.org/minimist
354 silly fetchNamedPackageData url-join
355 silly mapToRegistry name url-join
356 silly mapToRegistry using default registry
357 silly mapToRegistry registry https://registry.npmjs.org/
358 silly mapToRegistry uri https://registry.npmjs.org/url-join
359 verbose request uri https://registry.npmjs.org/minimist
360 verbose request no auth needed
361 info attempt registry request try #1 at 11:53:30 PM
362 verbose etag "5aabd87f-7a18"
363 verbose lastModified Fri, 16 Mar 2018 14:45:19 GMT
364 http request GET https://registry.npmjs.org/minimist
365 verbose request uri https://registry.npmjs.org/he
366 verbose request no auth needed
367 info attempt registry request try #1 at 11:53:30 PM
368 verbose etag "5a885451-bcec"
369 verbose lastModified Sat, 17 Feb 2018 16:12:01 GMT
370 http request GET https://registry.npmjs.org/he
371 verbose request uri https://registry.npmjs.org/url-join
372 verbose request no auth needed
373 info attempt registry request try #1 at 11:53:30 PM
374 verbose etag "5a7467b9-39fe"
375 verbose lastModified Fri, 2 Feb 2018 13:29:29 GMT
376 http request GET https://registry.npmjs.org/url-join
377 verbose request uri https://registry.npmjs.org/mime
378 verbose request no auth needed
379 info attempt registry request try #1 at 11:53:30 PM
380 verbose etag "5abe68f7-bc6f"
381 verbose lastModified Fri, 30 Mar 2018 16:42:31 GMT
382 http request GET https://registry.npmjs.org/mime
383 http 304 https://registry.npmjs.org/minimist
384 verbose headers { date: 'Wed, 11 Apr 2018 03:53:30 GMT',
384 verbose headers   via: '1.1 varnish',
384 verbose headers   'cache-control': 'max-age=300',
384 verbose headers   etag: '"5aabd87f-7a18"',
384 verbose headers   age: '2088',
384 verbose headers   connection: 'keep-alive',
384 verbose headers   'x-served-by': 'cache-yyz8334-YYZ',
384 verbose headers   'x-cache': 'HIT',
384 verbose headers   'x-cache-hits': '4',
384 verbose headers   'x-timer': 'S1523418810.178869,VS0,VE0',
384 verbose headers   vary: 'Accept-Encoding, Accept' }
385 silly get cb [ 304,
385 silly get   { date: 'Wed, 11 Apr 2018 03:53:30 GMT',
385 silly get     via: '1.1 varnish',
385 silly get     'cache-control': 'max-age=300',
385 silly get     etag: '"5aabd87f-7a18"',
385 silly get     age: '2088',
385 silly get     connection: 'keep-alive',
385 silly get     'x-served-by': 'cache-yyz8334-YYZ',
385 silly get     'x-cache': 'HIT',
385 silly get     'x-cache-hits': '4',
385 silly get     'x-timer': 'S1523418810.178869,VS0,VE0',
385 silly get     vary: 'Accept-Encoding, Accept' } ]
386 verbose etag https://registry.npmjs.org/minimist from cache
387 verbose get saving minimist to /home/faizan/.npm/registry.npmjs.org/minimist/.cache.json
388 http 304 https://registry.npmjs.org/he
389 verbose headers { date: 'Wed, 11 Apr 2018 03:53:30 GMT',
389 verbose headers   via: '1.1 varnish',
389 verbose headers   'cache-control': 'max-age=300',
389 verbose headers   etag: '"5a885451-bcec"',
389 verbose headers   age: '6957',
389 verbose headers   connection: 'keep-alive',
389 verbose headers   'x-served-by': 'cache-yyz8326-YYZ',
389 verbose headers   'x-cache': 'HIT',
389 verbose headers   'x-cache-hits': '2',
389 verbose headers   'x-timer': 'S1523418810.181259,VS0,VE0',
389 verbose headers   vary: 'Accept-Encoding, Accept' }
390 silly get cb [ 304,
390 silly get   { date: 'Wed, 11 Apr 2018 03:53:30 GMT',
390 silly get     via: '1.1 varnish',
390 silly get     'cache-control': 'max-age=300',
390 silly get     etag: '"5a885451-bcec"',
390 silly get     age: '6957',
390 silly get     connection: 'keep-alive',
390 silly get     'x-served-by': 'cache-yyz8326-YYZ',
390 silly get     'x-cache': 'HIT',
390 silly get     'x-cache-hits': '2',
390 silly get     'x-timer': 'S1523418810.181259,VS0,VE0',
390 silly get     vary: 'Accept-Encoding, Accept' } ]
391 verbose etag https://registry.npmjs.org/he from cache
392 verbose get saving he to /home/faizan/.npm/registry.npmjs.org/he/.cache.json
393 http 304 https://registry.npmjs.org/url-join
394 verbose headers { date: 'Wed, 11 Apr 2018 03:53:30 GMT',
394 verbose headers   via: '1.1 varnish',
394 verbose headers   'cache-control': 'max-age=300',
394 verbose headers   etag: '"5a7467b9-39fe"',
394 verbose headers   age: '11664',
394 verbose headers   connection: 'keep-alive',
394 verbose headers   'x-served-by': 'cache-yyz8334-YYZ',
394 verbose headers   'x-cache': 'HIT',
394 verbose headers   'x-cache-hits': '1',
394 verbose headers   'x-timer': 'S1523418810.182481,VS0,VE0',
394 verbose headers   vary: 'Accept-Encoding, Accept' }
395 silly get cb [ 304,
395 silly get   { date: 'Wed, 11 Apr 2018 03:53:30 GMT',
395 silly get     via: '1.1 varnish',
395 silly get     'cache-control': 'max-age=300',
395 silly get     etag: '"5a7467b9-39fe"',
395 silly get     age: '11664',
395 silly get     connection: 'keep-alive',
395 silly get     'x-served-by': 'cache-yyz8334-YYZ',
395 silly get     'x-cache': 'HIT',
395 silly get     'x-cache-hits': '1',
395 silly get     'x-timer': 'S1523418810.182481,VS0,VE0',
395 silly get     vary: 'Accept-Encoding, Accept' } ]
396 verbose etag https://registry.npmjs.org/url-join from cache
397 verbose get saving url-join to /home/faizan/.npm/registry.npmjs.org/url-join/.cache.json
398 http 304 https://registry.npmjs.org/mime
399 verbose headers { date: 'Wed, 11 Apr 2018 03:53:30 GMT',
399 verbose headers   via: '1.1 varnish',
399 verbose headers   'cache-control': 'max-age=300',
399 verbose headers   etag: '"5abe68f7-bc6f"',
399 verbose headers   age: '7057',
399 verbose headers   connection: 'keep-alive',
399 verbose headers   'x-served-by': 'cache-yyz8330-YYZ',
399 verbose headers   'x-cache': 'HIT',
399 verbose headers   'x-cache-hits': '1',
399 verbose headers   'x-timer': 'S1523418810.183121,VS0,VE1',
399 verbose headers   vary: 'Accept-Encoding, Accept' }
400 silly get cb [ 304,
400 silly get   { date: 'Wed, 11 Apr 2018 03:53:30 GMT',
400 silly get     via: '1.1 varnish',
400 silly get     'cache-control': 'max-age=300',
400 silly get     etag: '"5abe68f7-bc6f"',
400 silly get     age: '7057',
400 silly get     connection: 'keep-alive',
400 silly get     'x-served-by': 'cache-yyz8330-YYZ',
400 silly get     'x-cache': 'HIT',
400 silly get     'x-cache-hits': '1',
400 silly get     'x-timer': 'S1523418810.183121,VS0,VE1',
400 silly get     vary: 'Accept-Encoding, Accept' } ]
401 verbose etag https://registry.npmjs.org/mime from cache
402 verbose get saving mime to /home/faizan/.npm/registry.npmjs.org/mime/.cache.json
403 silly resolveWithNewModule minimist@1.2.0 checking installable status
404 silly cache add args [ 'minimist@^1.1.0', null ]
405 verbose cache add spec minimist@^1.1.0
406 silly cache add parsed spec Result {
406 silly cache add   raw: 'minimist@^1.1.0',
406 silly cache add   scope: null,
406 silly cache add   name: 'minimist',
406 silly cache add   rawSpec: '^1.1.0',
406 silly cache add   spec: '>=1.1.0 <2.0.0',
406 silly cache add   type: 'range' }
407 silly addNamed minimist@>=1.1.0 <2.0.0
408 verbose addNamed ">=1.1.0 <2.0.0" is a valid semver range for minimist
409 silly addNameRange { name: 'minimist', range: '>=1.1.0 <2.0.0', hasData: false }
410 silly mapToRegistry name minimist
411 silly mapToRegistry using default registry
412 silly mapToRegistry registry https://registry.npmjs.org/
413 silly mapToRegistry uri https://registry.npmjs.org/minimist
414 verbose addNameRange registry:https://registry.npmjs.org/minimist not in flight; fetching
415 silly resolveWithNewModule he@1.1.1 checking installable status
416 silly cache add args [ 'he@^1.1.1', null ]
417 verbose cache add spec he@^1.1.1
418 silly cache add parsed spec Result {
418 silly cache add   raw: 'he@^1.1.1',
418 silly cache add   scope: null,
418 silly cache add   name: 'he',
418 silly cache add   rawSpec: '^1.1.1',
418 silly cache add   spec: '>=1.1.1 <2.0.0',
418 silly cache add   type: 'range' }
419 silly addNamed he@>=1.1.1 <2.0.0
420 verbose addNamed ">=1.1.1 <2.0.0" is a valid semver range for he
421 silly addNameRange { name: 'he', range: '>=1.1.1 <2.0.0', hasData: false }
422 silly mapToRegistry name he
423 silly mapToRegistry using default registry
424 silly mapToRegistry registry https://registry.npmjs.org/
425 silly mapToRegistry uri https://registry.npmjs.org/he
426 verbose addNameRange registry:https://registry.npmjs.org/he not in flight; fetching
427 verbose get https://registry.npmjs.org/minimist not expired, no request
428 silly addNameRange number 2 { name: 'minimist', range: '>=1.1.0 <2.0.0', hasData: true }
429 silly addNameRange versions [ 'minimist',
429 silly addNameRange   [ '0.0.0',
429 silly addNameRange     '0.0.1',
429 silly addNameRange     '0.0.2',
429 silly addNameRange     '0.0.3',
429 silly addNameRange     '0.0.4',
429 silly addNameRange     '0.0.5',
429 silly addNameRange     '0.0.6',
429 silly addNameRange     '0.0.7',
429 silly addNameRange     '0.0.8',
429 silly addNameRange     '0.0.9',
429 silly addNameRange     '0.0.10',
429 silly addNameRange     '0.1.0',
429 silly addNameRange     '0.2.0',
429 silly addNameRange     '1.0.0',
429 silly addNameRange     '1.1.0',
429 silly addNameRange     '1.1.1',
429 silly addNameRange     '1.1.2',
429 silly addNameRange     '1.1.3',
429 silly addNameRange     '1.2.0' ] ]
430 silly addNamed minimist@1.2.0
431 verbose addNamed "1.2.0" is a plain semver version for minimist
432 silly resolveWithNewModule url-join@2.0.5 checking installable status
433 silly cache add args [ 'url-join@^2.0.2', null ]
434 verbose cache add spec url-join@^2.0.2
435 silly cache add parsed spec Result {
435 silly cache add   raw: 'url-join@^2.0.2',
435 silly cache add   scope: null,
435 silly cache add   name: 'url-join',
435 silly cache add   rawSpec: '^2.0.2',
435 silly cache add   spec: '>=2.0.2 <3.0.0',
435 silly cache add   type: 'range' }
436 silly addNamed url-join@>=2.0.2 <3.0.0
437 verbose addNamed ">=2.0.2 <3.0.0" is a valid semver range for url-join
438 silly addNameRange { name: 'url-join', range: '>=2.0.2 <3.0.0', hasData: false }
439 silly mapToRegistry name url-join
440 silly mapToRegistry using default registry
441 silly mapToRegistry registry https://registry.npmjs.org/
442 silly mapToRegistry uri https://registry.npmjs.org/url-join
443 verbose addNameRange registry:https://registry.npmjs.org/url-join not in flight; fetching
444 silly resolveWithNewModule mime@1.6.0 checking installable status
445 silly cache add args [ 'mime@^1.4.1', null ]
446 verbose cache add spec mime@^1.4.1
447 silly cache add parsed spec Result {
447 silly cache add   raw: 'mime@^1.4.1',
447 silly cache add   scope: null,
447 silly cache add   name: 'mime',
447 silly cache add   rawSpec: '^1.4.1',
447 silly cache add   spec: '>=1.4.1 <2.0.0',
447 silly cache add   type: 'range' }
448 silly addNamed mime@>=1.4.1 <2.0.0
449 verbose addNamed ">=1.4.1 <2.0.0" is a valid semver range for mime
450 silly addNameRange { name: 'mime', range: '>=1.4.1 <2.0.0', hasData: false }
451 silly mapToRegistry name mime
452 silly mapToRegistry using default registry
453 silly mapToRegistry registry https://registry.npmjs.org/
454 silly mapToRegistry uri https://registry.npmjs.org/mime
455 verbose addNameRange registry:https://registry.npmjs.org/mime not in flight; fetching
456 verbose get https://registry.npmjs.org/he not expired, no request
457 silly addNameRange number 2 { name: 'he', range: '>=1.1.1 <2.0.0', hasData: true }
458 silly addNameRange versions [ 'he',
458 silly addNameRange   [ '0.1.0',
458 silly addNameRange     '0.1.1',
458 silly addNameRange     '0.1.2',
458 silly addNameRange     '0.1.3',
458 silly addNameRange     '0.1.4',
458 silly addNameRange     '0.1.5',
458 silly addNameRange     '0.1.6',
458 silly addNameRange     '0.1.7',
458 silly addNameRange     '0.1.8',
458 silly addNameRange     '0.1.9',
458 silly addNameRange     '0.1.10',
458 silly addNameRange     '0.2.0',
458 silly addNameRange     '0.2.1',
458 silly addNameRange     '0.3.0',
458 silly addNameRange     '0.3.1',
458 silly addNameRange     '0.3.2',
458 silly addNameRange     '0.3.3',
458 silly addNameRange     '0.3.4',
458 silly addNameRange     '0.3.5',
458 silly addNameRange     '0.3.6',
458 silly addNameRange     '0.4.0',
458 silly addNameRange     '0.4.1',
458 silly addNameRange     '0.5.0',
458 silly addNameRange     '1.0.0',
458 silly addNameRange     '1.1.0',
458 silly addNameRange     '1.1.1' ] ]
459 silly addNamed he@1.1.1
460 verbose addNamed "1.1.1" is a plain semver version for he
461 verbose get https://registry.npmjs.org/url-join not expired, no request
462 silly addNameRange number 2 { name: 'url-join', range: '>=2.0.2 <3.0.0', hasData: true }
463 silly addNameRange versions [ 'url-join',
463 silly addNameRange   [ '0.0.1',
463 silly addNameRange     '1.0.0',
463 silly addNameRange     '1.1.0',
463 silly addNameRange     '2.0.0',
463 silly addNameRange     '2.0.1',
463 silly addNameRange     '2.0.2',
463 silly addNameRange     '2.0.3',
463 silly addNameRange     '2.0.4',
463 silly addNameRange     '2.0.5',
463 silly addNameRange     '3.0.0',
463 silly addNameRange     '4.0.0' ] ]
464 silly addNamed url-join@2.0.5
465 verbose addNamed "2.0.5" is a plain semver version for url-join
466 verbose get https://registry.npmjs.org/mime not expired, no request
467 silly addNameRange number 2 { name: 'mime', range: '>=1.4.1 <2.0.0', hasData: true }
468 silly addNameRange versions [ 'mime',
468 silly addNameRange   [ '1.0.0',
468 silly addNameRange     '1.1.0',
468 silly addNameRange     '1.2.1',
468 silly addNameRange     '1.2.2',
468 silly addNameRange     '1.2.3',
468 silly addNameRange     '1.2.4',
468 silly addNameRange     '1.2.5',
468 silly addNameRange     '1.2.6',
468 silly addNameRange     '1.2.7',
468 silly addNameRange     '1.2.8',
468 silly addNameRange     '1.2.9',
468 silly addNameRange     '1.2.10',
468 silly addNameRange     '1.2.11',
468 silly addNameRange     '1.3.0',
468 silly addNameRange     '1.3.2',
468 silly addNameRange     '1.3.3',
468 silly addNameRange     '1.3.4',
468 silly addNameRange     '1.3.5',
468 silly addNameRange     '1.3.6',
468 silly addNameRange     '1.4.0',
468 silly addNameRange     '2.0.0',
468 silly addNameRange     '2.0.1',
468 silly addNameRange     '2.0.2',
468 silly addNameRange     '1.4.1',
468 silly addNameRange     '2.0.3',
468 silly addNameRange     '1.5.0',
468 silly addNameRange     '1.6.0',
468 silly addNameRange     '2.0.5',
468 silly addNameRange     '2.1.0',
468 silly addNameRange     '2.2.0',
468 silly addNameRange     '2.2.1',
468 silly addNameRange     '2.2.2' ] ]
469 silly addNamed mime@1.6.0
470 verbose addNamed "1.6.0" is a plain semver version for mime
471 silly cache afterAdd minimist@1.2.0
472 verbose afterAdd /home/faizan/.npm/minimist/1.2.0/package/package.json not in flight; writing
473 silly cache afterAdd he@1.1.1
474 verbose afterAdd /home/faizan/.npm/he/1.1.1/package/package.json not in flight; writing
475 silly cache afterAdd url-join@2.0.5
476 verbose afterAdd /home/faizan/.npm/url-join/2.0.5/package/package.json not in flight; writing
477 silly cache afterAdd mime@1.6.0
478 verbose afterAdd /home/faizan/.npm/mime/1.6.0/package/package.json not in flight; writing
479 verbose afterAdd /home/faizan/.npm/minimist/1.2.0/package/package.json written
480 verbose afterAdd /home/faizan/.npm/he/1.1.1/package/package.json written
481 verbose afterAdd /home/faizan/.npm/url-join/2.0.5/package/package.json written
482 verbose afterAdd /home/faizan/.npm/mime/1.6.0/package/package.json written
483 silly fetchNamedPackageData eventemitter3
484 silly mapToRegistry name eventemitter3
485 silly mapToRegistry using default registry
486 silly mapToRegistry registry https://registry.npmjs.org/
487 silly mapToRegistry uri https://registry.npmjs.org/eventemitter3
488 silly fetchNamedPackageData requires-port
489 silly mapToRegistry name requires-port
490 silly mapToRegistry using default registry
491 silly mapToRegistry registry https://registry.npmjs.org/
492 silly mapToRegistry uri https://registry.npmjs.org/requires-port
493 verbose request uri https://registry.npmjs.org/eventemitter3
494 verbose request no auth needed
495 info attempt registry request try #1 at 11:53:30 PM
496 verbose etag "5ab115cf-9507"
497 verbose lastModified Tue, 20 Mar 2018 14:08:15 GMT
498 http request GET https://registry.npmjs.org/eventemitter3
499 verbose request uri https://registry.npmjs.org/requires-port
500 verbose request no auth needed
501 info attempt registry request try #1 at 11:53:30 PM
502 verbose etag "597409e8-1c61"
503 verbose lastModified Sun, 23 Jul 2017 2:28:56 GMT
504 http request GET https://registry.npmjs.org/requires-port
505 http 304 https://registry.npmjs.org/eventemitter3
506 verbose headers { date: 'Wed, 11 Apr 2018 03:53:30 GMT',
506 verbose headers   via: '1.1 varnish',
506 verbose headers   'cache-control': 'max-age=300',
506 verbose headers   etag: '"5ab115cf-9507"',
506 verbose headers   age: '3975',
506 verbose headers   connection: 'keep-alive',
506 verbose headers   'x-served-by': 'cache-yyz8333-YYZ',
506 verbose headers   'x-cache': 'HIT',
506 verbose headers   'x-cache-hits': '1',
506 verbose headers   'x-timer': 'S1523418810.243029,VS0,VE0',
506 verbose headers   vary: 'Accept-Encoding, Accept' }
507 silly get cb [ 304,
507 silly get   { date: 'Wed, 11 Apr 2018 03:53:30 GMT',
507 silly get     via: '1.1 varnish',
507 silly get     'cache-control': 'max-age=300',
507 silly get     etag: '"5ab115cf-9507"',
507 silly get     age: '3975',
507 silly get     connection: 'keep-alive',
507 silly get     'x-served-by': 'cache-yyz8333-YYZ',
507 silly get     'x-cache': 'HIT',
507 silly get     'x-cache-hits': '1',
507 silly get     'x-timer': 'S1523418810.243029,VS0,VE0',
507 silly get     vary: 'Accept-Encoding, Accept' } ]
508 verbose etag https://registry.npmjs.org/eventemitter3 from cache
509 verbose get saving eventemitter3 to /home/faizan/.npm/registry.npmjs.org/eventemitter3/.cache.json
510 silly resolveWithNewModule eventemitter3@1.2.0 checking installable status
511 silly cache add args [ 'eventemitter3@1.x.x', null ]
512 verbose cache add spec eventemitter3@1.x.x
513 silly cache add parsed spec Result {
513 silly cache add   raw: 'eventemitter3@1.x.x',
513 silly cache add   scope: null,
513 silly cache add   name: 'eventemitter3',
513 silly cache add   rawSpec: '1.x.x',
513 silly cache add   spec: '>=1.0.0 <2.0.0',
513 silly cache add   type: 'range' }
514 silly addNamed eventemitter3@>=1.0.0 <2.0.0
515 verbose addNamed ">=1.0.0 <2.0.0" is a valid semver range for eventemitter3
516 silly addNameRange { name: 'eventemitter3',
516 silly addNameRange   range: '>=1.0.0 <2.0.0',
516 silly addNameRange   hasData: false }
517 silly mapToRegistry name eventemitter3
518 silly mapToRegistry using default registry
519 silly mapToRegistry registry https://registry.npmjs.org/
520 silly mapToRegistry uri https://registry.npmjs.org/eventemitter3
521 verbose addNameRange registry:https://registry.npmjs.org/eventemitter3 not in flight; fetching
522 http 304 https://registry.npmjs.org/requires-port
523 verbose headers { date: 'Wed, 11 Apr 2018 03:53:30 GMT',
523 verbose headers   via: '1.1 varnish',
523 verbose headers   'cache-control': 'max-age=300',
523 verbose headers   etag: '"597409e8-1c61"',
523 verbose headers   age: '6508',
523 verbose headers   connection: 'keep-alive',
523 verbose headers   'x-served-by': 'cache-yyz8323-YYZ',
523 verbose headers   'x-cache': 'HIT',
523 verbose headers   'x-cache-hits': '44',
523 verbose headers   'x-timer': 'S1523418810.247660,VS0,VE0',
523 verbose headers   vary: 'Accept-Encoding, Accept' }
524 silly get cb [ 304,
524 silly get   { date: 'Wed, 11 Apr 2018 03:53:30 GMT',
524 silly get     via: '1.1 varnish',
524 silly get     'cache-control': 'max-age=300',
524 silly get     etag: '"597409e8-1c61"',
524 silly get     age: '6508',
524 silly get     connection: 'keep-alive',
524 silly get     'x-served-by': 'cache-yyz8323-YYZ',
524 silly get     'x-cache': 'HIT',
524 silly get     'x-cache-hits': '44',
524 silly get     'x-timer': 'S1523418810.247660,VS0,VE0',
524 silly get     vary: 'Accept-Encoding, Accept' } ]
525 verbose etag https://registry.npmjs.org/requires-port from cache
526 verbose get saving requires-port to /home/faizan/.npm/registry.npmjs.org/requires-port/.cache.json
527 verbose get https://registry.npmjs.org/eventemitter3 not expired, no request
528 silly addNameRange number 2 { name: 'eventemitter3', range: '>=1.0.0 <2.0.0', hasData: true }
529 silly addNameRange versions [ 'eventemitter3',
529 silly addNameRange   [ '0.0.0',
529 silly addNameRange     '0.0.1',
529 silly addNameRange     '0.1.0',
529 silly addNameRange     '0.1.1',
529 silly addNameRange     '0.1.2',
529 silly addNameRange     '0.1.3',
529 silly addNameRange     '0.1.4',
529 silly addNameRange     '0.1.5',
529 silly addNameRange     '0.1.6',
529 silly addNameRange     '1.0.0',
529 silly addNameRange     '1.0.1',
529 silly addNameRange     '1.0.2',
529 silly addNameRange     '1.0.3',
529 silly addNameRange     '1.1.0',
529 silly addNameRange     '1.1.1',
529 silly addNameRange     '1.2.0',
529 silly addNameRange     '2.0.0',
529 silly addNameRange     '2.0.1',
529 silly addNameRange     '2.0.2',
529 silly addNameRange     '2.0.3',
529 silly addNameRange     '3.0.0',
529 silly addNameRange     '3.0.1' ] ]
530 silly addNamed eventemitter3@1.2.0
531 verbose addNamed "1.2.0" is a plain semver version for eventemitter3
532 silly resolveWithNewModule requires-port@1.0.0 checking installable status
533 silly cache add args [ 'requires-port@1.x.x', null ]
534 verbose cache add spec requires-port@1.x.x
535 silly cache add parsed spec Result {
535 silly cache add   raw: 'requires-port@1.x.x',
535 silly cache add   scope: null,
535 silly cache add   name: 'requires-port',
535 silly cache add   rawSpec: '1.x.x',
535 silly cache add   spec: '>=1.0.0 <2.0.0',
535 silly cache add   type: 'range' }
536 silly addNamed requires-port@>=1.0.0 <2.0.0
537 verbose addNamed ">=1.0.0 <2.0.0" is a valid semver range for requires-port
538 silly addNameRange { name: 'requires-port',
538 silly addNameRange   range: '>=1.0.0 <2.0.0',
538 silly addNameRange   hasData: false }
539 silly mapToRegistry name requires-port
540 silly mapToRegistry using default registry
541 silly mapToRegistry registry https://registry.npmjs.org/
542 silly mapToRegistry uri https://registry.npmjs.org/requires-port
543 verbose addNameRange registry:https://registry.npmjs.org/requires-port not in flight; fetching
544 silly cache afterAdd eventemitter3@1.2.0
545 verbose afterAdd /home/faizan/.npm/eventemitter3/1.2.0/package/package.json not in flight; writing
546 verbose get https://registry.npmjs.org/requires-port not expired, no request
547 silly addNameRange number 2 { name: 'requires-port', range: '>=1.0.0 <2.0.0', hasData: true }
548 silly addNameRange versions [ 'requires-port', [ '0.0.0', '0.0.1', '1.0.0' ] ]
549 silly addNamed requires-port@1.0.0
550 verbose addNamed "1.0.0" is a plain semver version for requires-port
551 verbose afterAdd /home/faizan/.npm/eventemitter3/1.2.0/package/package.json written
552 silly cache afterAdd requires-port@1.0.0
553 verbose afterAdd /home/faizan/.npm/requires-port/1.0.0/package/package.json not in flight; writing
554 verbose afterAdd /home/faizan/.npm/requires-port/1.0.0/package/package.json written
555 silly fetchNamedPackageData wordwrap
556 silly mapToRegistry name wordwrap
557 silly mapToRegistry using default registry
558 silly mapToRegistry registry https://registry.npmjs.org/
559 silly mapToRegistry uri https://registry.npmjs.org/wordwrap
560 silly fetchNamedPackageData minimist
561 silly mapToRegistry name minimist
562 silly mapToRegistry using default registry
563 silly mapToRegistry registry https://registry.npmjs.org/
564 silly mapToRegistry uri https://registry.npmjs.org/minimist
565 silly resolveWithNewModule minimist@0.0.10 checking installable status
566 silly cache add args [ 'minimist@~0.0.1', null ]
567 verbose cache add spec minimist@~0.0.1
568 silly cache add parsed spec Result {
568 silly cache add   raw: 'minimist@~0.0.1',
568 silly cache add   scope: null,
568 silly cache add   name: 'minimist',
568 silly cache add   rawSpec: '~0.0.1',
568 silly cache add   spec: '>=0.0.1 <0.1.0',
568 silly cache add   type: 'range' }
569 silly addNamed minimist@>=0.0.1 <0.1.0
570 verbose addNamed ">=0.0.1 <0.1.0" is a valid semver range for minimist
571 silly addNameRange { name: 'minimist', range: '>=0.0.1 <0.1.0', hasData: false }
572 silly mapToRegistry name minimist
573 silly mapToRegistry using default registry
574 silly mapToRegistry registry https://registry.npmjs.org/
575 silly mapToRegistry uri https://registry.npmjs.org/minimist
576 verbose addNameRange registry:https://registry.npmjs.org/minimist not in flight; fetching
577 verbose get https://registry.npmjs.org/minimist not expired, no request
578 silly addNameRange number 2 { name: 'minimist', range: '>=0.0.1 <0.1.0', hasData: true }
579 silly addNameRange versions [ 'minimist',
579 silly addNameRange   [ '0.0.0',
579 silly addNameRange     '0.0.1',
579 silly addNameRange     '0.0.2',
579 silly addNameRange     '0.0.3',
579 silly addNameRange     '0.0.4',
579 silly addNameRange     '0.0.5',
579 silly addNameRange     '0.0.6',
579 silly addNameRange     '0.0.7',
579 silly addNameRange     '0.0.8',
579 silly addNameRange     '0.0.9',
579 silly addNameRange     '0.0.10',
579 silly addNameRange     '0.1.0',
579 silly addNameRange     '0.2.0',
579 silly addNameRange     '1.0.0',
579 silly addNameRange     '1.1.0',
579 silly addNameRange     '1.1.1',
579 silly addNameRange     '1.1.2',
579 silly addNameRange     '1.1.3',
579 silly addNameRange     '1.2.0' ] ]
580 silly addNamed minimist@0.0.10
581 verbose addNamed "0.0.10" is a plain semver version for minimist
582 silly cache afterAdd minimist@0.0.10
583 verbose afterAdd /home/faizan/.npm/minimist/0.0.10/package/package.json not in flight; writing
584 verbose afterAdd /home/faizan/.npm/minimist/0.0.10/package/package.json written
585 verbose request uri https://registry.npmjs.org/wordwrap
586 verbose request no auth needed
587 info attempt registry request try #1 at 11:53:30 PM
588 verbose etag "59ffed8e-1b1f"
589 verbose lastModified Mon, 6 Nov 2017 5:05:18 GMT
590 http request GET https://registry.npmjs.org/wordwrap
591 http 304 https://registry.npmjs.org/wordwrap
592 verbose headers { date: 'Wed, 11 Apr 2018 03:53:30 GMT',
592 verbose headers   via: '1.1 varnish',
592 verbose headers   'cache-control': 'max-age=300',
592 verbose headers   etag: '"59ffed8e-1b1f"',
592 verbose headers   age: '11585',
592 verbose headers   connection: 'keep-alive',
592 verbose headers   'x-served-by': 'cache-yyz8335-YYZ',
592 verbose headers   'x-cache': 'HIT',
592 verbose headers   'x-cache-hits': '1',
592 verbose headers   'x-timer': 'S1523418810.317142,VS0,VE1',
592 verbose headers   vary: 'Accept-Encoding, Accept' }
593 silly get cb [ 304,
593 silly get   { date: 'Wed, 11 Apr 2018 03:53:30 GMT',
593 silly get     via: '1.1 varnish',
593 silly get     'cache-control': 'max-age=300',
593 silly get     etag: '"59ffed8e-1b1f"',
593 silly get     age: '11585',
593 silly get     connection: 'keep-alive',
593 silly get     'x-served-by': 'cache-yyz8335-YYZ',
593 silly get     'x-cache': 'HIT',
593 silly get     'x-cache-hits': '1',
593 silly get     'x-timer': 'S1523418810.317142,VS0,VE1',
593 silly get     vary: 'Accept-Encoding, Accept' } ]
594 verbose etag https://registry.npmjs.org/wordwrap from cache
595 verbose get saving wordwrap to /home/faizan/.npm/registry.npmjs.org/wordwrap/.cache.json
596 silly resolveWithNewModule wordwrap@0.0.3 checking installable status
597 silly cache add args [ 'wordwrap@~0.0.2', null ]
598 verbose cache add spec wordwrap@~0.0.2
599 silly cache add parsed spec Result {
599 silly cache add   raw: 'wordwrap@~0.0.2',
599 silly cache add   scope: null,
599 silly cache add   name: 'wordwrap',
599 silly cache add   rawSpec: '~0.0.2',
599 silly cache add   spec: '>=0.0.2 <0.1.0',
599 silly cache add   type: 'range' }
600 silly addNamed wordwrap@>=0.0.2 <0.1.0
601 verbose addNamed ">=0.0.2 <0.1.0" is a valid semver range for wordwrap
602 silly addNameRange { name: 'wordwrap', range: '>=0.0.2 <0.1.0', hasData: false }
603 silly mapToRegistry name wordwrap
604 silly mapToRegistry using default registry
605 silly mapToRegistry registry https://registry.npmjs.org/
606 silly mapToRegistry uri https://registry.npmjs.org/wordwrap
607 verbose addNameRange registry:https://registry.npmjs.org/wordwrap not in flight; fetching
608 verbose get https://registry.npmjs.org/wordwrap not expired, no request
609 silly addNameRange number 2 { name: 'wordwrap', range: '>=0.0.2 <0.1.0', hasData: true }
610 silly addNameRange versions [ 'wordwrap', [ '0.0.1', '0.0.2', '0.0.3', '1.0.0' ] ]
611 silly addNamed wordwrap@0.0.3
612 verbose addNamed "0.0.3" is a plain semver version for wordwrap
613 silly cache afterAdd wordwrap@0.0.3
614 verbose afterAdd /home/faizan/.npm/wordwrap/0.0.3/package/package.json not in flight; writing
615 verbose afterAdd /home/faizan/.npm/wordwrap/0.0.3/package/package.json written
616 silly fetchNamedPackageData async
617 silly mapToRegistry name async
618 silly mapToRegistry using default registry
619 silly mapToRegistry registry https://registry.npmjs.org/
620 silly mapToRegistry uri https://registry.npmjs.org/async
621 silly fetchNamedPackageData debug
622 silly mapToRegistry name debug
623 silly mapToRegistry using default registry
624 silly mapToRegistry registry https://registry.npmjs.org/
625 silly mapToRegistry uri https://registry.npmjs.org/debug
626 silly fetchNamedPackageData mkdirp
627 silly mapToRegistry name mkdirp
628 silly mapToRegistry using default registry
629 silly mapToRegistry registry https://registry.npmjs.org/
630 silly mapToRegistry uri https://registry.npmjs.org/mkdirp
631 verbose request uri https://registry.npmjs.org/mkdirp
632 verbose request no auth needed
633 info attempt registry request try #1 at 11:53:30 PM
634 verbose etag "5ab1cfa0-69cc"
635 verbose lastModified Wed, 21 Mar 2018 3:21:04 GMT
636 http request GET https://registry.npmjs.org/mkdirp
637 verbose request uri https://registry.npmjs.org/async
638 verbose request no auth needed
639 info attempt registry request try #1 at 11:53:30 PM
640 verbose etag "5acd452e-235d2"
641 verbose lastModified Tue, 10 Apr 2018 23:13:50 GMT
642 http request GET https://registry.npmjs.org/async
643 http 304 https://registry.npmjs.org/mkdirp
644 verbose headers { date: 'Wed, 11 Apr 2018 03:53:30 GMT',
644 verbose headers   via: '1.1 varnish',
644 verbose headers   'cache-control': 'max-age=300',
644 verbose headers   etag: '"5ab1cfa0-69cc"',
644 verbose headers   age: '732',
644 verbose headers   connection: 'keep-alive',
644 verbose headers   'x-served-by': 'cache-yyz8325-YYZ',
644 verbose headers   'x-cache': 'HIT',
644 verbose headers   'x-cache-hits': '7',
644 verbose headers   'x-timer': 'S1523418810.346822,VS0,VE0',
644 verbose headers   vary: 'Accept-Encoding, Accept' }
645 silly get cb [ 304,
645 silly get   { date: 'Wed, 11 Apr 2018 03:53:30 GMT',
645 silly get     via: '1.1 varnish',
645 silly get     'cache-control': 'max-age=300',
645 silly get     etag: '"5ab1cfa0-69cc"',
645 silly get     age: '732',
645 silly get     connection: 'keep-alive',
645 silly get     'x-served-by': 'cache-yyz8325-YYZ',
645 silly get     'x-cache': 'HIT',
645 silly get     'x-cache-hits': '7',
645 silly get     'x-timer': 'S1523418810.346822,VS0,VE0',
645 silly get     vary: 'Accept-Encoding, Accept' } ]
646 verbose etag https://registry.npmjs.org/mkdirp from cache
647 verbose get saving mkdirp to /home/faizan/.npm/registry.npmjs.org/mkdirp/.cache.json
648 silly resolveWithNewModule mkdirp@0.5.1 checking installable status
649 silly cache add args [ 'mkdirp@0.5.x', null ]
650 verbose cache add spec mkdirp@0.5.x
651 silly cache add parsed spec Result {
651 silly cache add   raw: 'mkdirp@0.5.x',
651 silly cache add   scope: null,
651 silly cache add   name: 'mkdirp',
651 silly cache add   rawSpec: '0.5.x',
651 silly cache add   spec: '>=0.5.0 <0.6.0',
651 silly cache add   type: 'range' }
652 silly addNamed mkdirp@>=0.5.0 <0.6.0
653 verbose addNamed ">=0.5.0 <0.6.0" is a valid semver range for mkdirp
654 silly addNameRange { name: 'mkdirp', range: '>=0.5.0 <0.6.0', hasData: false }
655 silly mapToRegistry name mkdirp
656 silly mapToRegistry using default registry
657 silly mapToRegistry registry https://registry.npmjs.org/
658 silly mapToRegistry uri https://registry.npmjs.org/mkdirp
659 verbose addNameRange registry:https://registry.npmjs.org/mkdirp not in flight; fetching
660 verbose request uri https://registry.npmjs.org/debug
661 verbose request no auth needed
662 info attempt registry request try #1 at 11:53:30 PM
663 verbose etag "5ab1cfea-1953d"
664 verbose lastModified Wed, 21 Mar 2018 3:22:18 GMT
665 http request GET https://registry.npmjs.org/debug
666 verbose get https://registry.npmjs.org/mkdirp not expired, no request
667 silly addNameRange number 2 { name: 'mkdirp', range: '>=0.5.0 <0.6.0', hasData: true }
668 silly addNameRange versions [ 'mkdirp',
668 silly addNameRange   [ '0.0.1',
668 silly addNameRange     '0.0.2',
668 silly addNameRange     '0.0.3',
668 silly addNameRange     '0.0.4',
668 silly addNameRange     '0.0.5',
668 silly addNameRange     '0.0.6',
668 silly addNameRange     '0.0.7',
668 silly addNameRange     '0.1.0',
668 silly addNameRange     '0.2.0',
668 silly addNameRange     '0.2.1',
668 silly addNameRange     '0.2.2',
668 silly addNameRange     '0.3.0',
668 silly addNameRange     '0.3.1',
668 silly addNameRange     '0.3.2',
668 silly addNameRange     '0.3.3',
668 silly addNameRange     '0.3.4',
668 silly addNameRange     '0.3.5',
668 silly addNameRange     '0.4.0',
668 silly addNameRange     '0.4.1',
668 silly addNameRange     '0.4.2',
668 silly addNameRange     '0.5.0',
668 silly addNameRange     '0.5.1' ] ]
669 silly addNamed mkdirp@0.5.1
670 verbose addNamed "0.5.1" is a plain semver version for mkdirp
671 silly cache afterAdd mkdirp@0.5.1
672 verbose afterAdd /home/faizan/.npm/mkdirp/0.5.1/package/package.json not in flight; writing
673 verbose afterAdd /home/faizan/.npm/mkdirp/0.5.1/package/package.json written
674 http 304 https://registry.npmjs.org/async
675 verbose headers { date: 'Wed, 11 Apr 2018 03:53:30 GMT',
675 verbose headers   via: '1.1 varnish',
675 verbose headers   'cache-control': 'max-age=300',
675 verbose headers   etag: '"5acd452e-235d2"',
675 verbose headers   age: '2198',
675 verbose headers   connection: 'keep-alive',
675 verbose headers   'x-served-by': 'cache-yyz8328-YYZ',
675 verbose headers   'x-cache': 'HIT',
675 verbose headers   'x-cache-hits': '2',
675 verbose headers   'x-timer': 'S1523418810.366559,VS0,VE0',
675 verbose headers   vary: 'Accept-Encoding, Accept' }
676 silly get cb [ 304,
676 silly get   { date: 'Wed, 11 Apr 2018 03:53:30 GMT',
676 silly get     via: '1.1 varnish',
676 silly get     'cache-control': 'max-age=300',
676 silly get     etag: '"5acd452e-235d2"',
676 silly get     age: '2198',
676 silly get     connection: 'keep-alive',
676 silly get     'x-served-by': 'cache-yyz8328-YYZ',
676 silly get     'x-cache': 'HIT',
676 silly get     'x-cache-hits': '2',
676 silly get     'x-timer': 'S1523418810.366559,VS0,VE0',
676 silly get     vary: 'Accept-Encoding, Accept' } ]
677 verbose etag https://registry.npmjs.org/async from cache
678 verbose get saving async to /home/faizan/.npm/registry.npmjs.org/async/.cache.json
679 silly resolveWithNewModule async@1.5.2 checking installable status
680 silly cache add args [ 'async@^1.5.2', null ]
681 verbose cache add spec async@^1.5.2
682 silly cache add parsed spec Result {
682 silly cache add   raw: 'async@^1.5.2',
682 silly cache add   scope: null,
682 silly cache add   name: 'async',
682 silly cache add   rawSpec: '^1.5.2',
682 silly cache add   spec: '>=1.5.2 <2.0.0',
682 silly cache add   type: 'range' }
683 silly addNamed async@>=1.5.2 <2.0.0
684 verbose addNamed ">=1.5.2 <2.0.0" is a valid semver range for async
685 silly addNameRange { name: 'async', range: '>=1.5.2 <2.0.0', hasData: false }
686 silly mapToRegistry name async
687 silly mapToRegistry using default registry
688 silly mapToRegistry registry https://registry.npmjs.org/
689 silly mapToRegistry uri https://registry.npmjs.org/async
690 verbose addNameRange registry:https://registry.npmjs.org/async not in flight; fetching
691 verbose get https://registry.npmjs.org/async not expired, no request
692 silly addNameRange number 2 { name: 'async', range: '>=1.5.2 <2.0.0', hasData: true }
693 silly addNameRange versions [ 'async',
693 silly addNameRange   [ '0.1.0',
693 silly addNameRange     '0.1.1',
693 silly addNameRange     '0.1.2',
693 silly addNameRange     '0.1.3',
693 silly addNameRange     '0.1.4',
693 silly addNameRange     '0.1.5',
693 silly addNameRange     '0.1.6',
693 silly addNameRange     '0.1.7',
693 silly addNameRange     '0.1.8',
693 silly addNameRange     '0.1.9',
693 silly addNameRange     '0.1.10',
693 silly addNameRange     '0.1.11',
693 silly addNameRange     '0.1.12',
693 silly addNameRange     '0.1.13',
693 silly addNameRange     '0.1.14',
693 silly addNameRange     '0.1.15',
693 silly addNameRange     '0.1.16',
693 silly addNameRange     '0.1.17',
693 silly addNameRange     '0.1.18',
693 silly addNameRange     '0.1.19',
693 silly addNameRange     '0.1.20',
693 silly addNameRange     '0.1.21',
693 silly addNameRange     '0.1.22',
693 silly addNameRange     '0.2.0',
693 silly addNameRange     '0.2.1',
693 silly addNameRange     '0.2.2',
693 silly addNameRange     '0.2.3',
693 silly addNameRange     '0.2.4',
693 silly addNameRange     '0.2.5',
693 silly addNameRange     '0.2.6',
693 silly addNameRange     '0.2.7',
693 silly addNameRange     '0.2.8',
693 silly addNameRange     '0.2.9',
693 silly addNameRange     '0.2.10',
693 silly addNameRange     '0.3.0',
693 silly addNameRange     '0.4.0',
693 silly addNameRange     '0.4.1',
693 silly addNameRange     '0.5.0',
693 silly addNameRange     '0.6.0',
693 silly addNameRange     '0.6.1',
693 silly addNameRange     '0.6.2',
693 silly addNameRange     '0.7.0',
693 silly addNameRange     '0.8.0',
693 silly addNameRange     '0.9.0',
693 silly addNameRange     '0.9.2',
693 silly addNameRange     '1.0.0',
693 silly addNameRange     '1.1.0',
693 silly addNameRange     '1.2.0',
693 silly addNameRange     '1.1.1',
693 silly addNameRange     '1.2.1',
693 silly addNameRange     '1.3.0',
693 silly addNameRange     '1.4.0',
693 silly addNameRange     '1.4.1',
693 silly addNameRange     '1.4.2',
693 silly addNameRange     '1.5.0',
693 silly addNameRange     '1.5.1',
693 silly addNameRange     '1.5.2',
693 silly addNameRange     '2.0.0-alpha.0',
693 silly addNameRange     '2.0.0-rc.1',
693 silly addNameRange     '2.0.0-rc.2',
693 silly addNameRange     '2.0.0-rc.3',
693 silly addNameRange     '2.0.0-rc.4',
693 silly addNameRange     '2.0.0-rc.5',
693 silly addNameRange     '2.0.0-rc.6',
693 silly addNameRange     '2.0.0',
693 silly addNameRange     '2.0.1',
693 silly addNameRange     '2.1.0',
693 silly addNameRange     '2.1.1',
693 silly addNameRange     '2.1.2',
693 silly addNameRange     '2.1.4',
693 silly addNameRange     '2.1.5',
693 silly addNameRange     '2.2.0',
693 silly addNameRange     '2.3.0',
693 silly addNameRange     '2.4.0',
693 silly addNameRange     '2.4.1',
693 silly addNameRange     '2.5.0',
693 silly addNameRange     '2.6.0' ] ]
694 silly addNamed async@1.5.2
695 verbose addNamed "1.5.2" is a plain semver version for async
696 http 304 https://registry.npmjs.org/debug
697 verbose headers { date: 'Wed, 11 Apr 2018 03:53:30 GMT',
697 verbose headers   via: '1.1 varnish',
697 verbose headers   'cache-control': 'max-age=300',
697 verbose headers   etag: '"5ab1cfea-1953d"',
697 verbose headers   age: '878',
697 verbose headers   connection: 'keep-alive',
697 verbose headers   'x-served-by': 'cache-yyz8330-YYZ',
697 verbose headers   'x-cache': 'HIT',
697 verbose headers   'x-cache-hits': '14',
697 verbose headers   'x-timer': 'S1523418810.378706,VS0,VE0',
697 verbose headers   vary: 'Accept-Encoding, Accept' }
698 silly get cb [ 304,
698 silly get   { date: 'Wed, 11 Apr 2018 03:53:30 GMT',
698 silly get     via: '1.1 varnish',
698 silly get     'cache-control': 'max-age=300',
698 silly get     etag: '"5ab1cfea-1953d"',
698 silly get     age: '878',
698 silly get     connection: 'keep-alive',
698 silly get     'x-served-by': 'cache-yyz8330-YYZ',
698 silly get     'x-cache': 'HIT',
698 silly get     'x-cache-hits': '14',
698 silly get     'x-timer': 'S1523418810.378706,VS0,VE0',
698 silly get     vary: 'Accept-Encoding, Accept' } ]
699 verbose etag https://registry.npmjs.org/debug from cache
700 verbose get saving debug to /home/faizan/.npm/registry.npmjs.org/debug/.cache.json
701 silly cache afterAdd async@1.5.2
702 verbose afterAdd /home/faizan/.npm/async/1.5.2/package/package.json not in flight; writing
703 verbose afterAdd /home/faizan/.npm/async/1.5.2/package/package.json written
704 silly resolveWithNewModule debug@2.6.9 checking installable status
705 silly cache add args [ 'debug@^2.2.0', null ]
706 verbose cache add spec debug@^2.2.0
707 silly cache add parsed spec Result {
707 silly cache add   raw: 'debug@^2.2.0',
707 silly cache add   scope: null,
707 silly cache add   name: 'debug',
707 silly cache add   rawSpec: '^2.2.0',
707 silly cache add   spec: '>=2.2.0 <3.0.0',
707 silly cache add   type: 'range' }
708 silly addNamed debug@>=2.2.0 <3.0.0
709 verbose addNamed ">=2.2.0 <3.0.0" is a valid semver range for debug
710 silly addNameRange { name: 'debug', range: '>=2.2.0 <3.0.0', hasData: false }
711 silly mapToRegistry name debug
712 silly mapToRegistry using default registry
713 silly mapToRegistry registry https://registry.npmjs.org/
714 silly mapToRegistry uri https://registry.npmjs.org/debug
715 verbose addNameRange registry:https://registry.npmjs.org/debug not in flight; fetching
716 verbose get https://registry.npmjs.org/debug not expired, no request
717 silly addNameRange number 2 { name: 'debug', range: '>=2.2.0 <3.0.0', hasData: true }
718 silly addNameRange versions [ 'debug',
718 silly addNameRange   [ '0.0.1',
718 silly addNameRange     '0.1.0',
718 silly addNameRange     '0.2.0',
718 silly addNameRange     '0.3.0',
718 silly addNameRange     '0.4.0',
718 silly addNameRange     '0.4.1',
718 silly addNameRange     '0.5.0',
718 silly addNameRange     '0.6.0',
718 silly addNameRange     '0.7.0',
718 silly addNameRange     '0.7.1',
718 silly addNameRange     '0.7.2',
718 silly addNameRange     '0.7.3',
718 silly addNameRange     '0.7.4',
718 silly addNameRange     '0.8.0',
718 silly addNameRange     '0.8.1',
718 silly addNameRange     '1.0.0',
718 silly addNameRange     '1.0.1',
718 silly addNameRange     '1.0.2',
718 silly addNameRange     '1.0.3',
718 silly addNameRange     '1.0.4',
718 silly addNameRange     '2.0.0',
718 silly addNameRange     '2.1.0',
718 silly addNameRange     '2.1.1',
718 silly addNameRange     '2.1.2',
718 silly addNameRange     '2.1.3',
718 silly addNameRange     '2.2.0',
718 silly addNameRange     '2.3.0',
718 silly addNameRange     '2.3.1',
718 silly addNameRange     '2.3.2',
718 silly addNameRange     '2.3.3',
718 silly addNameRange     '2.4.0',
718 silly addNameRange     '2.4.1',
718 silly addNameRange     '2.4.2',
718 silly addNameRange     '2.4.3',
718 silly addNameRange     '2.4.4',
718 silly addNameRange     '2.4.5',
718 silly addNameRange     '2.5.0',
718 silly addNameRange     '2.5.1',
718 silly addNameRange     '2.5.2',
718 silly addNameRange     '2.6.0',
718 silly addNameRange     '2.6.1',
718 silly addNameRange     '2.6.2',
718 silly addNameRange     '2.6.3',
718 silly addNameRange     '2.6.4',
718 silly addNameRange     '2.6.5',
718 silly addNameRange     '2.6.6',
718 silly addNameRange     '2.6.7',
718 silly addNameRange     '2.6.8',
718 silly addNameRange     '1.0.5',
718 silly addNameRange     '3.0.0',
718 silly addNameRange     '3.0.1',
718 silly addNameRange     '2.6.9',
718 silly addNameRange     '3.1.0' ] ]
719 silly addNamed debug@2.6.9
720 verbose addNamed "2.6.9" is a plain semver version for debug
721 silly cache afterAdd debug@2.6.9
722 verbose afterAdd /home/faizan/.npm/debug/2.6.9/package/package.json not in flight; writing
723 verbose afterAdd /home/faizan/.npm/debug/2.6.9/package/package.json written
724 silly fetchNamedPackageData ms
725 silly mapToRegistry name ms
726 silly mapToRegistry using default registry
727 silly mapToRegistry registry https://registry.npmjs.org/
728 silly mapToRegistry uri https://registry.npmjs.org/ms
729 verbose request uri https://registry.npmjs.org/ms
730 verbose request no auth needed
731 info attempt registry request try #1 at 11:53:30 PM
732 verbose etag "5aa9402e-498a"
733 verbose lastModified Wed, 14 Mar 2018 15:30:54 GMT
734 http request GET https://registry.npmjs.org/ms
735 http 304 https://registry.npmjs.org/ms
736 verbose headers { date: 'Wed, 11 Apr 2018 03:53:30 GMT',
736 verbose headers   via: '1.1 varnish',
736 verbose headers   'cache-control': 'max-age=300',
736 verbose headers   etag: '"5aa9402e-498a"',
736 verbose headers   age: '9614',
736 verbose headers   connection: 'keep-alive',
736 verbose headers   'x-served-by': 'cache-yyz8321-YYZ',
736 verbose headers   'x-cache': 'HIT',
736 verbose headers   'x-cache-hits': '21',
736 verbose headers   'x-timer': 'S1523418810.439834,VS0,VE0',
736 verbose headers   vary: 'Accept-Encoding, Accept' }
737 silly get cb [ 304,
737 silly get   { date: 'Wed, 11 Apr 2018 03:53:30 GMT',
737 silly get     via: '1.1 varnish',
737 silly get     'cache-control': 'max-age=300',
737 silly get     etag: '"5aa9402e-498a"',
737 silly get     age: '9614',
737 silly get     connection: 'keep-alive',
737 silly get     'x-served-by': 'cache-yyz8321-YYZ',
737 silly get     'x-cache': 'HIT',
737 silly get     'x-cache-hits': '21',
737 silly get     'x-timer': 'S1523418810.439834,VS0,VE0',
737 silly get     vary: 'Accept-Encoding, Accept' } ]
738 verbose etag https://registry.npmjs.org/ms from cache
739 verbose get saving ms to /home/faizan/.npm/registry.npmjs.org/ms/.cache.json
740 silly resolveWithNewModule ms@2.0.0 checking installable status
741 silly cache add args [ 'ms@2.0.0', null ]
742 verbose cache add spec ms@2.0.0
743 silly cache add parsed spec Result {
743 silly cache add   raw: 'ms@2.0.0',
743 silly cache add   scope: null,
743 silly cache add   name: 'ms',
743 silly cache add   rawSpec: '2.0.0',
743 silly cache add   spec: '2.0.0',
743 silly cache add   type: 'version' }
744 silly addNamed ms@2.0.0
745 verbose addNamed "2.0.0" is a plain semver version for ms
746 silly mapToRegistry name ms
747 silly mapToRegistry using default registry
748 silly mapToRegistry registry https://registry.npmjs.org/
749 silly mapToRegistry uri https://registry.npmjs.org/ms
750 verbose addNameVersion registry:https://registry.npmjs.org/ms not in flight; fetching
751 verbose get https://registry.npmjs.org/ms not expired, no request
752 silly cache afterAdd ms@2.0.0
753 verbose afterAdd /home/faizan/.npm/ms/2.0.0/package/package.json not in flight; writing
754 verbose afterAdd /home/faizan/.npm/ms/2.0.0/package/package.json written
755 silly fetchNamedPackageData minimist
756 silly mapToRegistry name minimist
757 silly mapToRegistry using default registry
758 silly mapToRegistry registry https://registry.npmjs.org/
759 silly mapToRegistry uri https://registry.npmjs.org/minimist
760 silly resolveWithNewModule minimist@0.0.8 checking installable status
761 silly cache add args [ 'minimist@0.0.8', null ]
762 verbose cache add spec minimist@0.0.8
763 silly cache add parsed spec Result {
763 silly cache add   raw: 'minimist@0.0.8',
763 silly cache add   scope: null,
763 silly cache add   name: 'minimist',
763 silly cache add   rawSpec: '0.0.8',
763 silly cache add   spec: '0.0.8',
763 silly cache add   type: 'version' }
764 silly addNamed minimist@0.0.8
765 verbose addNamed "0.0.8" is a plain semver version for minimist
766 silly mapToRegistry name minimist
767 silly mapToRegistry using default registry
768 silly mapToRegistry registry https://registry.npmjs.org/
769 silly mapToRegistry uri https://registry.npmjs.org/minimist
770 verbose addNameVersion registry:https://registry.npmjs.org/minimist not in flight; fetching
771 verbose get https://registry.npmjs.org/minimist not expired, no request
772 silly cache afterAdd minimist@0.0.8
773 verbose afterAdd /home/faizan/.npm/minimist/0.0.8/package/package.json not in flight; writing
774 verbose afterAdd /home/faizan/.npm/minimist/0.0.8/package/package.json written
775 silly fetchNamedPackageData qs
776 silly mapToRegistry name qs
777 silly mapToRegistry using default registry
778 silly mapToRegistry registry https://registry.npmjs.org/
779 silly mapToRegistry uri https://registry.npmjs.org/qs
780 verbose request uri https://registry.npmjs.org/qs
781 verbose request no auth needed
782 info attempt registry request try #1 at 11:53:30 PM
783 verbose etag "5aa525fd-190dc"
784 verbose lastModified Sun, 11 Mar 2018 12:50:05 GMT
785 http request GET https://registry.npmjs.org/qs
786 http 304 https://registry.npmjs.org/qs
787 verbose headers { date: 'Wed, 11 Apr 2018 03:53:30 GMT',
787 verbose headers   via: '1.1 varnish',
787 verbose headers   'cache-control': 'max-age=300',
787 verbose headers   etag: '"5aa525fd-190dc"',
787 verbose headers   age: '9542',
787 verbose headers   connection: 'keep-alive',
787 verbose headers   'x-served-by': 'cache-yyz8326-YYZ',
787 verbose headers   'x-cache': 'HIT',
787 verbose headers   'x-cache-hits': '16',
787 verbose headers   'x-timer': 'S1523418810.483289,VS0,VE0',
787 verbose headers   vary: 'Accept-Encoding, Accept' }
788 silly get cb [ 304,
788 silly get   { date: 'Wed, 11 Apr 2018 03:53:30 GMT',
788 silly get     via: '1.1 varnish',
788 silly get     'cache-control': 'max-age=300',
788 silly get     etag: '"5aa525fd-190dc"',
788 silly get     age: '9542',
788 silly get     connection: 'keep-alive',
788 silly get     'x-served-by': 'cache-yyz8326-YYZ',
788 silly get     'x-cache': 'HIT',
788 silly get     'x-cache-hits': '16',
788 silly get     'x-timer': 'S1523418810.483289,VS0,VE0',
788 silly get     vary: 'Accept-Encoding, Accept' } ]
789 verbose etag https://registry.npmjs.org/qs from cache
790 verbose get saving qs to /home/faizan/.npm/registry.npmjs.org/qs/.cache.json
791 silly resolveWithNewModule qs@2.3.3 checking installable status
792 silly cache add args [ 'qs@~2.3.3', null ]
793 verbose cache add spec qs@~2.3.3
794 silly cache add parsed spec Result {
794 silly cache add   raw: 'qs@~2.3.3',
794 silly cache add   scope: null,
794 silly cache add   name: 'qs',
794 silly cache add   rawSpec: '~2.3.3',
794 silly cache add   spec: '>=2.3.3 <2.4.0',
794 silly cache add   type: 'range' }
795 silly addNamed qs@>=2.3.3 <2.4.0
796 verbose addNamed ">=2.3.3 <2.4.0" is a valid semver range for qs
797 silly addNameRange { name: 'qs', range: '>=2.3.3 <2.4.0', hasData: false }
798 silly mapToRegistry name qs
799 silly mapToRegistry using default registry
800 silly mapToRegistry registry https://registry.npmjs.org/
801 silly mapToRegistry uri https://registry.npmjs.org/qs
802 verbose addNameRange registry:https://registry.npmjs.org/qs not in flight; fetching
803 verbose get https://registry.npmjs.org/qs not expired, no request
804 silly addNameRange number 2 { name: 'qs', range: '>=2.3.3 <2.4.0', hasData: true }
805 silly addNameRange versions [ 'qs',
805 silly addNameRange   [ '0.0.1',
805 silly addNameRange     '0.0.2',
805 silly addNameRange     '0.0.3',
805 silly addNameRange     '0.0.4',
805 silly addNameRange     '0.0.5',
805 silly addNameRange     '0.0.6',
805 silly addNameRange     '0.0.7',
805 silly addNameRange     '0.1.0',
805 silly addNameRange     '0.2.0',
805 silly addNameRange     '0.3.0',
805 silly addNameRange     '0.3.1',
805 silly addNameRange     '0.3.2',
805 silly addNameRange     '0.4.0',
805 silly addNameRange     '0.4.1',
805 silly addNameRange     '0.4.2',
805 silly addNameRange     '0.5.0',
805 silly addNameRange     '0.5.1',
805 silly addNameRange     '0.5.2',
805 silly addNameRange     '0.5.3',
805 silly addNameRange     '0.5.4',
805 silly addNameRange     '0.5.5',
805 silly addNameRange     '0.5.6',
805 silly addNameRange     '0.6.0',
805 silly addNameRange     '0.6.1',
805 silly addNameRange     '0.6.2',
805 silly addNameRange     '0.6.3',
805 silly addNameRange     '0.6.4',
805 silly addNameRange     '0.6.5',
805 silly addNameRange     '0.6.6',
805 silly addNameRange     '1.0.0',
805 silly addNameRange     '1.0.1',
805 silly addNameRange     '1.0.2',
805 silly addNameRange     '1.1.0',
805 silly addNameRange     '1.2.0',
805 silly addNameRange     '1.2.1',
805 silly addNameRange     '1.2.2',
805 silly addNameRange     '2.0.0',
805 silly addNameRange     '2.1.0',
805 silly addNameRange     '2.2.0',
805 silly addNameRange     '2.2.1',
805 silly addNameRange     '2.2.2',
805 silly addNameRange     '2.2.3',
805 silly addNameRange     '2.2.4',
805 silly addNameRange     '2.2.5',
805 silly addNameRange     '2.3.0',
805 silly addNameRange     '2.3.1',
805 silly addNameRange     '2.3.2',
805 silly addNameRange     '2.3.3',
805 silly addNameRange     '2.4.0',
805 silly addNameRange     '2.4.1',
805 silly addNameRange     '2.4.2',
805 silly addNameRange     '3.0.0',
805 silly addNameRange     '3.1.0',
805 silly addNameRange     '4.0.0',
805 silly addNameRange     '5.0.0',
805 silly addNameRange     '5.1.0',
805 silly addNameRange     '5.2.0',
805 silly addNameRange     '6.0.0',
805 silly addNameRange     '6.0.1',
805 silly addNameRange     '6.0.2',
805 silly addNameRange     '6.1.0',
805 silly addNameRange     '6.2.0',
805 silly addNameRange     '5.2.1',
805 silly addNameRange     '6.2.1',
805 silly addNameRange     '6.3.0',
805 silly addNameRange     '6.3.1',
805 silly addNameRange     '6.1.1',
805 silly addNameRange     '6.0.3',
805 silly addNameRange     '6.2.2',
805 silly addNameRange     '6.4.0',
805 silly addNameRange     '6.3.2',
805 silly addNameRange     '6.2.3',
805 silly addNameRange     '6.1.2',
805 silly addNameRange     '6.0.4',
805 silly addNameRange     '6.5.0',
805 silly addNameRange     '6.5.1' ] ]
806 silly addNamed qs@2.3.3
807 verbose addNamed "2.3.3" is a plain semver version for qs
808 silly cache afterAdd qs@2.3.3
809 verbose afterAdd /home/faizan/.npm/qs/2.3.3/package/package.json not in flight; writing
810 verbose afterAdd /home/faizan/.npm/qs/2.3.3/package/package.json written
811 silly loadAllDepsIntoIdealTree Finishing
812 silly idealTree:prePrune lib
812 silly idealTree:prePrune  http-server@0.11.1
812 silly idealTree:prePrune    async@1.5.2
812 silly idealTree:prePrune    colors@1.0.3
812 silly idealTree:prePrune    corser@2.0.1
812 silly idealTree:prePrune    debug@2.6.9
812 silly idealTree:prePrune    ecstatic@3.2.0
812 silly idealTree:prePrune    eventemitter3@1.2.0
812 silly idealTree:prePrune    he@1.1.1
812 silly idealTree:prePrune    http-proxy@1.16.2
812 silly idealTree:prePrune    mime@1.6.0
812 silly idealTree:prePrune    minimist@1.2.0
812 silly idealTree:prePrune    mkdirp@0.5.1
812 silly idealTree:prePrune     minimist@0.0.8
812 silly idealTree:prePrune    ms@2.0.0
812 silly idealTree:prePrune    opener@1.4.3
812 silly idealTree:prePrune    optimist@0.6.1
812 silly idealTree:prePrune     minimist@0.0.10
812 silly idealTree:prePrune    portfinder@1.0.13
812 silly idealTree:prePrune    qs@2.3.3
812 silly idealTree:prePrune    requires-port@1.0.0
812 silly idealTree:prePrune    union@0.4.6
812 silly idealTree:prePrune    url-join@2.0.5
812 silly idealTree:prePrune    wordwrap@0.0.3
813 silly loadIdealTree Finishing
814 silly currentTree lib
814 silly currentTree  http-server@0.11.1
814 silly currentTree    async@1.5.2
814 silly currentTree    colors@1.0.3
814 silly currentTree    corser@2.0.1
814 silly currentTree    debug@2.6.9
814 silly currentTree    ecstatic@3.2.0
814 silly currentTree    eventemitter3@1.2.0
814 silly currentTree    he@1.1.1
814 silly currentTree    http-proxy@1.16.2
814 silly currentTree    mime@1.6.0
814 silly currentTree    minimist@1.2.0
814 silly currentTree    mkdirp@0.5.1
814 silly currentTree     minimist@0.0.8
814 silly currentTree    ms@2.0.0
814 silly currentTree    opener@1.4.3
814 silly currentTree    optimist@0.6.1
814 silly currentTree     minimist@0.0.10
814 silly currentTree    portfinder@1.0.13
814 silly currentTree    qs@2.3.3
814 silly currentTree    requires-port@1.0.0
814 silly currentTree    union@0.4.6
814 silly currentTree    url-join@2.0.5
814 silly currentTree    wordwrap@0.0.3
815 silly idealTree lib
815 silly idealTree  http-server@0.11.1
815 silly idealTree    async@1.5.2
815 silly idealTree    colors@1.0.3
815 silly idealTree    corser@2.0.1
815 silly idealTree    debug@2.6.9
815 silly idealTree    ecstatic@3.2.0
815 silly idealTree    eventemitter3@1.2.0
815 silly idealTree    he@1.1.1
815 silly idealTree    http-proxy@1.16.2
815 silly idealTree    mime@1.6.0
815 silly idealTree    minimist@1.2.0
815 silly idealTree    mkdirp@0.5.1
815 silly idealTree     minimist@0.0.8
815 silly idealTree    ms@2.0.0
815 silly idealTree    opener@1.4.3
815 silly idealTree    optimist@0.6.1
815 silly idealTree     minimist@0.0.10
815 silly idealTree    portfinder@1.0.13
815 silly idealTree    qs@2.3.3
815 silly idealTree    requires-port@1.0.0
815 silly idealTree    union@0.4.6
815 silly idealTree    url-join@2.0.5
815 silly idealTree    wordwrap@0.0.3
816 silly generateActionsToTake Starting
817 silly install generateActionsToTake
818 warn checkPermissions Missing write access to /usr/local/lib/node_modules/http-server
819 warn checkPermissions Missing write access to /usr/local/lib/node_modules
820 silly rollbackFailedOptional Starting
821 silly rollbackFailedOptional Finishing
822 silly runTopLevelLifecycles Starting
823 silly runTopLevelLifecycles Finishing
824 silly install printInstalled
825 verbose stack Error: EACCES: permission denied, access '/usr/local/lib/node_modules/http-server'
825 verbose stack     at Error (native)
826 verbose cwd /home/faizan/Desktop/Web-Dev-Final/Final
827 error Linux 4.13.0-38-generic
828 error argv "/usr/bin/nodejs" "/usr/bin/npm" "install" "http-server" "-g"
829 error node v4.2.6
830 error npm  v3.5.2
831 error path /usr/local/lib/node_modules/http-server
832 error code EACCES
833 error errno -13
834 error syscall access
835 error Error: EACCES: permission denied, access '/usr/local/lib/node_modules/http-server'
835 error     at Error (native)
835 error  { [Error: EACCES: permission denied, access '/usr/local/lib/node_modules/http-server']
835 error   errno: -13,
835 error   code: 'EACCES',
835 error   syscall: 'access',
835 error   path: '/usr/local/lib/node_modules/http-server' }
836 error Please try running this command again as root/Administrator.
837 verbose exit [ -13, true ]
